2018-02-07 16:03:10.422 +08 [8700] LOG:  listening on IPv4 address "127.0.0.1", port 5431
2018-02-07 16:03:10.424 +08 [8700] LOG:  listening on Unix socket "/Applications/mappstack-7.1.13-0/postgresql/.s.PGSQL.5431"
2018-02-07 16:03:10.437 +08 [8701] LOG:  database system was shut down at 2018-02-07 16:03:09 +08
2018-02-07 16:03:10.441 +08 [8700] LOG:  database system is ready to accept connections
2018-02-07 16:03:10.940 +08 [8708] LOG:  incomplete startup packet
2018-02-07 16:03:21.914 +08 [8700] LOG:  received fast shutdown request
2018-02-07 16:03:21.915 +08 [8700] LOG:  aborting any active transactions
2018-02-07 16:03:21.916 +08 [8700] LOG:  worker process: logical replication launcher (PID 8707) exited with exit code 1
2018-02-07 16:03:21.916 +08 [8702] LOG:  shutting down
2018-02-07 16:03:21.924 +08 [8700] LOG:  database system is shut down
2018-02-07 16:06:06.386 +08 [8896] LOG:  listening on IPv4 address "127.0.0.1", port 5431
2018-02-07 16:06:06.388 +08 [8896] LOG:  listening on Unix socket "/Applications/mappstack-7.1.13-0/postgresql/.s.PGSQL.5431"
2018-02-07 16:06:06.402 +08 [8897] LOG:  database system was shut down at 2018-02-07 16:03:21 +08
2018-02-07 16:06:06.410 +08 [8896] LOG:  database system is ready to accept connections
2018-02-08 23:48:18.982 +08 [8896] LOG:  received smart shutdown request
2018-02-08 23:48:18.989 +08 [8896] LOG:  worker process: logical replication launcher (PID 8903) exited with exit code 1
2018-02-08 23:48:18.993 +08 [8898] LOG:  shutting down
2018-02-08 23:48:19.027 +08 [8896] LOG:  database system is shut down
2018-02-10 19:54:15.799 +08 [7104] LOG:  listening on IPv4 address "127.0.0.1", port 5431
2018-02-10 19:54:15.800 +08 [7104] LOG:  listening on Unix socket "/Applications/mappstack-7.1.13-0/postgresql/.s.PGSQL.5431"
2018-02-10 19:54:15.832 +08 [7105] LOG:  database system was shut down at 2018-02-08 23:48:19 +08
2018-02-10 19:54:15.842 +08 [7104] LOG:  database system is ready to accept connections
2018-02-10 19:59:45.210 +08 [7104] LOG:  received fast shutdown request
2018-02-10 19:59:45.211 +08 [7104] LOG:  aborting any active transactions
2018-02-10 19:59:45.212 +08 [7104] LOG:  worker process: logical replication launcher (PID 7111) exited with exit code 1
2018-02-10 19:59:45.212 +08 [7106] LOG:  shutting down
2018-02-10 19:59:45.220 +08 [7104] LOG:  database system is shut down
2018-02-10 20:00:06.011 +08 [7453] LOG:  listening on IPv4 address "127.0.0.1", port 5431
2018-02-10 20:00:06.012 +08 [7453] LOG:  listening on Unix socket "/Applications/mappstack-7.1.13-0/postgresql/.s.PGSQL.5431"
2018-02-10 20:00:06.024 +08 [7454] LOG:  database system was shut down at 2018-02-10 19:59:45 +08
2018-02-10 20:00:06.029 +08 [7453] LOG:  database system is ready to accept connections
2018-02-10 20:14:12.038 +08 [9147] ERROR:  relation "book" already exists
2018-02-10 20:14:12.038 +08 [9147] STATEMENT:  CREATE TABLE book (
	    book_id VARCHAR(100) PRIMARY KEY,
	    name VARCHAR(100),
	    price NUMERIC,
	    date_of_publication DATE
	);
	
	 INSERT INTO book (book_id, name, price, date_of_publication) VALUES ('PHP01','Complete PHP', 19.99, '2011-03-27');
	 
2018-02-10 21:17:12.603 +08 [12641] FATAL:  password authentication failed for user "ljy"
2018-02-10 21:17:12.603 +08 [12641] DETAIL:  Role "ljy" does not exist.
	Connection matched pg_hba.conf line 86: "host    all             all             127.0.0.1/32            md5"
2018-02-10 21:17:24.653 +08 [12643] FATAL:  password authentication failed for user "ljy"
2018-02-10 21:17:24.653 +08 [12643] DETAIL:  Role "ljy" does not exist.
	Connection matched pg_hba.conf line 86: "host    all             all             127.0.0.1/32            md5"
2018-02-13 22:34:46.268 +08 [34825] ERROR:  invalid input syntax for type numeric: "" at character 56
2018-02-13 22:34:46.268 +08 [34825] STATEMENT:  UPDATE book SET book_id = '',  
	    name = '',price = '',  
	    date_of_publication = ''
2018-02-21 15:00:53.750 +08 [97204] ERROR:  relation "games" already exists
2018-02-21 15:00:53.750 +08 [97204] STATEMENT:  SELECT * FROM book;
	
	CREATE TABLE games (
	 	name VARCHAR(32),
	  	version CHAR(3),
	  	price NUMERIC NOT NULL,
		PRIMARY KEY (name, version));
	
	  
	INSERT INTO games VALUES ('Aerified', '1.0', 12);
	INSERT INTO games VALUES ('Aerified', '1.1', 3.99);
	INSERT INTO games VALUES ('Aerified', '1.2', 1.99);
	INSERT INTO games VALUES ('Aerified', '2.0', 5);
	INSERT INTO games VALUES ('Aerified', '2.1', 12);
	INSERT INTO games VALUES ('Aerified', '3.0', 3.99);
	INSERT INTO games VALUES ('Alpha', '1.0', 12);
	INSERT INTO games VALUES ('Alpha', '1.1', 3.99);
	INSERT INTO games VALUES ('Alpha', '1.2', 12);
	INSERT INTO games VALUES ('Alpha', '2.0', 12);
	INSERT INTO games VALUES ('Alpha', '2.1', 2.99);
	INSERT INTO games VALUES ('Alpha', '3.0', 5);
	INSERT INTO games VALUES ('Alphazap', '1.1', 5.0);
	INSERT INTO games VALUES ('Alphazap', '1.2', 3.99);
	INSERT INTO games VALUES ('Alphazap', '2.0', 5);
	INSERT INTO games VALUES ('Alphazap', '2.1', 3.99);
	INSERT INTO games VALUES ('Alphazap', '3.0', 12);
	INSERT INTO games VALUES ('Andalax', '1.0', 12);
	INSERT INTO games VALUES ('Andalax', '1.1', 12);
	INSERT INTO games VALUES ('Andalax', '2.0', 12);
	INSERT INTO games VALUES ('Andalax', '2.1', 1.99);
	INSERT INTO games VALUES ('Andalax', '3.0', 12);
	INSERT INTO games VALUES ('Asoka', '1.0', 12);
	INSERT INTO games VALUES ('Asoka', '1.1', 1.99);
	INSERT INTO games VALUES ('Asoka', '2.0', 5);
	INSERT INTO games VALUES ('Asoka', '2.1', 2.99);
	INSERT INTO games VALUES ('Bamity', '1.0', 12);
	INSERT INTO games VALUES ('Bamity', '1.1', 12);
	INSERT INTO games VALUES ('Bamity', '1.2', 12);
	INSERT INTO games VALUES ('Bamity', '2.0', 3.99);
	INSERT INTO games VALUES ('Bamity', '3.0', 12);
	INSERT INTO games VALUES ('Bigtax', '1.1', 5.0);
	INSERT INTO games VALUES ('Bigtax', '2.1', 12);
	INSERT INTO games VALUES ('Bigtax', '3.0', 1.99);
	INSERT INTO games VALUES ('Biodex', '1.0', 2.99);
	INSERT INTO games VALUES ('Biodex', '1.1', 2.99);
	INSERT INTO games VALUES ('Biodex', '1.2', 12);
	INSERT INTO games VALUES ('Biodex', '2.0', 3.99);
	INSERT INTO games VALUES ('Biodex', '2.1', 12);
	INSERT INTO games VALUES ('Bitchip', '1.0', 12);
	INSERT INTO games VALUES ('Bitchip', '1.2', 12);
	INSERT INTO games VALUES ('Bitchip', '2.0', 2.99);
	INSERT INTO games VALUES ('Bitchip', '3.0', 12);
	INSERT INTO games VALUES ('Bitwolf', '1.0', 5);
	INSERT INTO games VALUES ('Bitwolf', '1.1', 5.0);
	INSERT INTO games VALUES ('Bitwolf', '1.2', 1.99);
	INSERT INTO games VALUES ('Bitwolf', '2.0', 3.99);
	INSERT INTO games VALUES ('Bitwolf', '2.1', 5.0);
	INSERT INTO games VALUES ('Bitwolf', '3.0', 5);
	INSERT INTO games VALUES ('Bytecard', '1.2', 12);
	INSERT INTO games VALUES ('Bytecard', '2.0', 5);
	INSERT INTO games VALUES ('Bytecard', '3.0', 5);
	INSERT INTO games VALUES ('Cardguard', '1.0', 12);
	INSERT INTO games VALUES ('Cardguard', '1.1', 12);
	INSERT INTO games VALUES ('Cardguard', '1.2', 12);
	INSERT INTO games VALUES ('Cardguard', '2.0', 5);
	INSERT INTO games VALUES ('Cardguard', '3.0', 3.99);
	INSERT INTO games VALUES ('Cardify', '1.0', 3.99);
	INSERT INTO games VALUES ('Cardify', '1.1', 12);
	INSERT INTO games VALUES ('Cardify', '1.2', 5.0);
	INSERT INTO games VALUES ('Cardify', '2.0', 12);
	INSERT INTO games VALUES ('Cardify', '2.1', 5.0);
	INSERT INTO games VALUES ('Cookley', '1.0', 5);
	INSERT INTO games VALUES ('Cookley', '1.1', 3.99);
	INSERT INTO games VALUES ('Cookley', '1.2', 1.99);
	INSERT INTO games VALUES ('Cookley', '2.0', 3.99);
	INSERT INTO games VALUES ('Cookley', '2.1', 12);
	INSERT INTO games VALUES ('Cookley', '3.0', 1.99);
	INSERT INTO games VALUES ('Daltfresh', '1.0', 2.99);
	INSERT INTO games VALUES ('Daltfresh', '1.1', 5.0);
	INSERT INTO games VALUES ('Daltfresh', '1.2', 12);
	INSERT INTO games VALUES ('Daltfresh', '2.0', 12);
	INSERT INTO games VALUES ('Daltfresh', '2.1', 12);
	INSERT INTO games VALUES ('Domainer', '1.0', 12);
	INSERT INTO games VALUES ('Domainer', '1.1', 12);
	INSERT INTO games VALUES ('Domainer', '1.2', 5.0);
	INSERT INTO games VALUES ('Domainer', '2.0', 3.99);
	INSERT INTO games VALUES ('Domainer', '2.1', 2.99);
	INSERT INTO games VALUES ('Duobam', '1.0', 12);
	INSERT INTO games VALUES ('Duobam', '1.1', 12);
	INSERT INTO games VALUES ('Duobam', '1.2', 1.99);
	INSERT INTO games VALUES ('Duobam', '2.1', 12);
	INSERT INTO games VALUES ('Duobam', '3.0', 3.99);
	INSERT INTO games VALUES ('Fintone', '1.0', 12);
	INSERT INTO games VALUES ('Fintone', '1.2', 12);
	INSERT INTO games VALUES ('Fintone', '2.0', 2.99);
	INSERT INTO games VALUES ('Fintone', '2.1', 2.99);
	INSERT INTO games VALUES ('Fix San', '1.0', 3.99);
	INSERT INTO games VALUES ('Fix San', '1.1', 5.0);
	INSERT INTO games VALUES ('Fix San', '1.2', 5.0);
	INSERT INTO games VALUES ('Fix San', '2.0', 5);
	INSERT INTO games VALUES ('Fix San', '2.1', 5.0);
	INSERT INTO games VALUES ('Fix San', '3.0', 5);
	INSERT INTO games VALUES ('Fixflex', '1.0', 12);
	INSERT INTO games VALUES ('Fixflex', '1.1', 3.99);
	INSERT INTO games VALUES ('Fixflex', '1.2', 2.99);
	INSERT INTO games VALUES ('Fixflex', '2.0', 3.99);
	INSERT INTO games VALUES ('Fixflex', '2.1', 5.0);
	INSERT INTO games VALUES ('Fixflex', '3.0', 5);
	INSERT INTO games VALUES ('Flexidy', '1.1', 1.99);
	INSERT INTO games VALUES ('Flexidy', '1.2', 5.0);
	INSERT INTO games VALUES ('Flexidy', '2.0', 5);
	INSERT INTO games VALUES ('Flexidy', '2.1', 2.99);
	INSERT INTO games VALUES ('Flowdesk', '1.0', 12);
	INSERT INTO games VALUES ('Flowdesk', '1.1', 12);
	INSERT INTO games VALUES ('Flowdesk', '1.2', 12);
	INSERT INTO games VALUES ('Flowdesk', '2.0', 12);
	INSERT INTO games VALUES ('Flowdesk', '2.1', 12);
	INSERT INTO games VALUES ('Flowdesk', '3.0', 5);
	INSERT INTO games VALUES ('Gembucket', '1.0', 5);
	INSERT INTO games VALUES ('Gembucket', '1.1', 12);
	INSERT INTO games VALUES ('Gembucket', '1.2', 3.99);
	INSERT INTO games VALUES ('Gembucket', '2.0', 12);
	INSERT INTO games VALUES ('Gembucket', '2.1', 1.99);
	INSERT INTO games VALUES ('Gembucket', '3.0', 12);
	INSERT INTO games VALUES ('Greenlam', '1.0', 3.99);
	INSERT INTO games VALUES ('Greenlam', '1.1', 1.99);
	INSERT INTO games VALUES ('Greenlam', '1.2', 12);
	INSERT INTO games VALUES ('Greenlam', '2.0', 5);
	INSERT INTO games VALUES ('Greenlam', '3.0', 5);
	INSERT INTO games VALUES ('Hatity', '1.0', 1.99);
	INSERT INTO games VALUES ('Hatity', '1.1', 12);
	INSERT INTO games VALUES ('Hatity', '1.2', 3.99);
	INSERT INTO games VALUES ('Hatity', '2.0', 5);
	INSERT INTO games VALUES ('Hatity', '2.1', 12);
	INSERT INTO games VALUES ('Hatity', '3.0', 5);
	INSERT INTO games VALUES ('Holdlamis', '1.0', 5);
	INSERT INTO games VALUES ('Holdlamis', '1.1', 2.99);
	INSERT INTO games VALUES ('Holdlamis', '2.0', 12);
	INSERT INTO games VALUES ('Holdlamis', '2.1', 3.99);
	INSERT INTO games VALUES ('Holdlamis', '3.0', 3.99);
	INSERT INTO games VALUES ('Home Ing', '1.2', 3.99);
	INSERT INTO games VALUES ('Home Ing', '2.0', 12);
	INSERT INTO games VALUES ('Home Ing', '2.1', 5.0);
	INSERT INTO games VALUES ('It', '1.0', 5);
	INSERT INTO games VALUES ('It', '1.1', 12);
	INSERT INTO games VALUES ('It', '1.2', 1.99);
	INSERT INTO games VALUES ('It', '2.0', 12);
	INSERT INTO games VALUES ('It', '2.1', 12);
	INSERT INTO games VALUES ('It', '3.0', 2.99);
	INSERT INTO games VALUES ('Job', '1.0', 12);
	INSERT INTO games VALUES ('Job', '1.1', 5.0);
	INSERT INTO games VALUES ('Job', '1.2', 2.99);
	INSERT INTO games VALUES ('Job', '2.0', 12);
	INSERT INTO games VALUES ('Job', '2.1', 1.99);
	INSERT INTO games VALUES ('Job', '3.0', 12);
	INSERT INTO games VALUES ('Kanlam', '1.0', 5);
	INSERT INTO games VALUES ('Kanlam', '1.1', 12);
	INSERT INTO games VALUES ('Kanlam', '1.2', 3.99);
	INSERT INTO games VALUES ('Kanlam', '2.1', 12);
	INSERT INTO games VALUES ('Kanlam', '3.0', 2.99);
	INSERT INTO games VALUES ('Keylex', '1.0', 3.99);
	INSERT INTO games VALUES ('Keylex', '1.1', 1.99);
	INSERT INTO games VALUES ('Keylex', '1.2', 12);
	INSERT INTO games VALUES ('Keylex', '2.1', 5.0);
	INSERT INTO games VALUES ('Keylex', '3.0', 2.99);
	INSERT INTO games VALUES ('Konklab', '1.0', 5);
	INSERT INTO games VALUES ('Konklab', '1.2', 12);
	INSERT INTO games VALUES ('Konklab', '2.0', 5);
	INSERT INTO games VALUES ('Konklab', '3.0', 1.99);
	INSERT INTO games VALUES ('Konklux', '1.0', 2.99);
	INSERT INTO games VALUES ('Konklux', '1.2', 12);
	INSERT INTO games VALUES ('Konklux', '2.0', 12);
	INSERT INTO games VALUES ('Konklux', '2.1', 3.99);
	INSERT INTO games VALUES ('Konklux', '3.0', 3.99);
	INSERT INTO games VALUES ('Latlux', '1.0', 5);
	INSERT INTO games VALUES ('Latlux', '1.1', 12);
	INSERT INTO games VALUES ('Latlux', '1.2', 2.99);
	INSERT INTO games VALUES ('Latlux', '2.0', 12);
	INSERT INTO games VALUES ('Latlux', '2.1', 3.99);
	INSERT INTO games VALUES ('Latlux', '3.0', 5);
	INSERT INTO games VALUES ('Lotlux', '1.0', 3.99);
	INSERT INTO games VALUES ('Lotlux', '1.1', 12);
	INSERT INTO games VALUES ('Lotlux', '1.2', 3.99);
	INSERT INTO games VALUES ('Lotlux', '2.1', 5.0);
	INSERT INTO games VALUES ('Lotlux', '3.0', 12);
	INSERT INTO games VALUES ('Lotstring', '1.0', 12);
	INSERT INTO games VALUES ('Lotstring', '1.1', 5.0);
	INSERT INTO games VALUES ('Lotstring', '1.2', 3.99);
	INSERT INTO games VALUES ('Lotstring', '2.0', 12);
	INSERT INTO games VALUES ('Lotstring', '2.1', 3.99);
	INSERT INTO games VALUES ('Lotstring', '3.0', 5);
	INSERT INTO games VALUES ('Mat Lam Tam', '1.0', 12);
	INSERT INTO games VALUES ('Mat Lam Tam', '1.1', 12);
	INSERT INTO games VALUES ('Mat Lam Tam', '1.2', 5.0);
	INSERT INTO games VALUES ('Mat Lam Tam', '2.0', 12);
	INSERT INTO games VALUES ('Mat Lam Tam', '2.1', 1.99);
	INSERT INTO games VALUES ('Mat Lam Tam', '3.0', 5);
	INSERT INTO games VALUES ('Matsoft', '1.0', 12);
	INSERT INTO games VALUES ('Matsoft', '1.1', 5.0);
	INSERT INTO games VALUES ('Matsoft', '1.2', 5.0);
	INSERT INTO games VALUES ('Matsoft', '2.0', 5);
	INSERT INTO games VALUES ('Matsoft', '2.1', 1.99);
	INSERT INTO games VALUES ('Matsoft', '3.0', 5);
	INSERT INTO games VALUES ('Namfix', '1.0', 2.99);
	INSERT INTO games VALUES ('Namfix', '1.1', 5.0);
	INSERT INTO games VALUES ('Namfix', '1.2', 2.99);
	INSERT INTO games VALUES ('Namfix', '2.1', 12);
	INSERT INTO games VALUES ('Namfix', '3.0', 12);
	INSERT INTO games VALUES ('Opela', '1.0', 5);
	INSERT INTO games VALUES ('Opela', '1.1', 3.99);
	INSERT INTO games VALUES ('Opela', '1.2', 5.0);
	INSERT INTO games VALUES ('Opela', '2.0', 5);
	INSERT INTO games VALUES ('Opela', '2.1', 3.99);
	INSERT INTO games VALUES ('Opela', '3.0', 2.99);
	INSERT INTO games VALUES ('Otcom', '1.0', 3.99);
	INSERT INTO games VALUES ('Otcom', '1.2', 5.0);
	INSERT INTO games VALUES ('Otcom', '2.0', 12);
	INSERT INTO games VALUES ('Otcom', '3.0', 3.99);
	INSERT INTO games VALUES ('Overhold', '1.0', 1.99);
	INSERT INTO games VALUES ('Overhold', '1.1', 2.99);
	INSERT INTO games VALUES ('Overhold', '1.2', 5.0);
	INSERT INTO games VALUES ('Overhold', '2.0', 12);
	INSERT INTO games VALUES ('Overhold', '2.1', 5.0);
	INSERT INTO games VALUES ('Overhold', '3.0', 2.99);
	INSERT INTO games VALUES ('Pannier', '1.0', 3.99);
	INSERT INTO games VALUES ('Pannier', '1.2', 12);
	INSERT INTO games VALUES ('Pannier', '2.0', 5);
	INSERT INTO games VALUES ('Pannier', '2.1', 12);
	INSERT INTO games VALUES ('Prodder', '1.0', 12);
	INSERT INTO games VALUES ('Prodder', '1.1', 2.99);
	INSERT INTO games VALUES ('Prodder', '1.2', 12);
	INSERT INTO games VALUES ('Prodder', '2.0', 5);
	INSERT INTO games VALUES ('Prodder', '3.0', 12);
	INSERT INTO games VALUES ('Quo Lux', '1.0', 12);
	INSERT INTO games VALUES ('Quo Lux', '1.1', 12);
	INSERT INTO games VALUES ('Quo Lux', '1.2', 5.0);
	INSERT INTO games VALUES ('Quo Lux', '2.0', 1.99);
	INSERT INTO games VALUES ('Quo Lux', '2.1', 12);
	INSERT INTO games VALUES ('Quo Lux', '3.0', 2.99);
	INSERT INTO games VALUES ('Rank', '1.0', 12);
	INSERT INTO games VALUES ('Rank', '1.1', 2.99);
	INSERT INTO games VALUES ('Rank', '1.2', 5.0);
	INSERT INTO games VALUES ('Rank', '2.0', 5);
	INSERT INTO games VALUES ('Rank', '2.1', 1.99);
	INSERT INTO games VALUES ('Rank', '3.0', 5);
	INSERT INTO games VALUES ('Redhold', '1.0', 12);
	INSERT INTO games VALUES ('Redhold', '1.1', 12);
	INSERT INTO games VALUES ('Redhold', '1.2', 12);
	INSERT INTO games VALUES ('Redhold', '2.0', 12);
	INSERT INTO games VALUES ('Redhold', '2.1', 12);
	INSERT INTO games VALUES ('Redhold', '3.0', 5);
	INSERT INTO games VALUES ('Regrant', '1.0', 3.99);
	INSERT INTO games VALUES ('Regrant', '1.1', 12);
	INSERT INTO games VALUES ('Regrant', '1.2', 12);
	INSERT INTO games VALUES ('Regrant', '2.0', 3.99);
	INSERT INTO games VALUES ('Regrant', '3.0', 12);
	INSERT INTO games VALUES ('Ronstring', '1.0', 3.99);
	INSERT INTO games VALUES ('Ronstring', '1.1', 3.99);
	INSERT INTO games VALUES ('Ronstring', '1.2', 5.0);
	INSERT INTO games VALUES ('Ronstring', '2.0', 5);
	INSERT INTO games VALUES ('Ronstring', '2.1', 12);
	INSERT INTO games VALUES ('Ronstring', '3.0', 5);
	INSERT INTO games VALUES ('Solarbreeze', '1.0', 5);
	INSERT INTO games VALUES ('Solarbreeze', '1.1', 3.99);
	INSERT INTO games VALUES ('Solarbreeze', '1.2', 5.0);
	INSERT INTO games VALUES ('Solarbreeze', '2.0', 2.99);
	INSERT INTO games VALUES ('Solarbreeze', '2.1', 3.99);
	INSERT INTO games VALUES ('Solarbreeze', '3.0', 3.99);
	INSERT INTO games VALUES ('Sonair', '1.0', 12);
	INSERT INTO games VALUES ('Sonair', '1.1', 2.99);
	INSERT INTO games VALUES ('Sonair', '1.2', 2.99);
	INSERT INTO games VALUES ('Sonair', '2.0', 3.99);
	INSERT INTO games VALUES ('Sonair', '2.1', 3.99);
	INSERT INTO games VALUES ('Sonair', '3.0', 12);
	INSERT INTO games VALUES ('Sonsing', '1.0', 3.99);
	INSERT INTO games VALUES ('Sonsing', '1.1', 1.99);
	INSERT INTO games VALUES ('Sonsing', '2.0', 12);
	INSERT INTO games VALUES ('Sonsing', '2.1', 3.99);
	INSERT INTO games VALUES ('Sonsing', '3.0', 2.99);
	INSERT INTO games VALUES ('Span', '1.0', 1.99);
	INSERT INTO games VALUES ('Span', '1.1', 5.0);
	INSERT INTO games VALUES ('Span', '1.2', 3.99);
	INSERT INTO games VALUES ('Span', '2.1', 5.0);
	INSERT INTO games VALUES ('Span', '3.0', 1.99);
	INSERT INTO games VALUES ('Stim', '1.0', 5);
	INSERT INTO games VALUES ('Stim', '1.1', 2.99);
	INSERT INTO games VALUES ('Stim', '1.2', 12);
	INSERT INTO games VALUES ('Stim', '2.1', 1.99);
	INSERT INTO games VALUES ('Stim', '3.0', 3.99);
	INSERT INTO games VALUES ('Stringtough', '1.0', 3.99);
	INSERT INTO games VALUES ('Stringtough', '1.1', 3.99);
	INSERT INTO games VALUES ('Stringtough', '1.2', 12);
	INSERT INTO games VALUES ('Stringtough', '2.0', 3.99);
	INSERT INTO games VALUES ('Stringtough', '3.0', 12);
	INSERT INTO games VALUES ('Stronghold', '1.0', 12);
	INSERT INTO games VALUES ('Stronghold', '1.1', 12);
	INSERT INTO games VALUES ('Stronghold', '1.2', 3.99);
	INSERT INTO games VALUES ('Stronghold', '2.0', 2.99);
	INSERT INTO games VALUES ('Stronghold', '2.1', 12);
	INSERT INTO games VALUES ('Stronghold', '3.0', 1.99);
	INSERT INTO games VALUES ('Sub-Ex', '1.0', 12);
	INSERT INTO games VALUES ('Sub-Ex', '1.1', 12);
	INSERT INTO games VALUES ('Sub-Ex', '2.0', 5);
	INSERT INTO games VALUES ('Sub-Ex', '2.1', 5.0);
	INSERT INTO games VALUES ('Subin', '1.0', 12);
	INSERT INTO games VALUES ('Subin', '1.1', 2.99);
	INSERT INTO games VALUES ('Subin', '1.2', 12);
	INSERT INTO games VALUES ('Subin', '2.0', 3.99);
	INSERT INTO games VALUES ('Subin', '2.1', 5.0);
	INSERT INTO games VALUES ('Tampflex', '1.1', 12);
	INSERT INTO games VALUES ('Tampflex', '2.0', 12);
	INSERT INTO games VALUES ('Tampflex', '2.1', 5.0);
	INSERT INTO games VALUES ('Tampflex', '3.0', 3.99);
	INSERT INTO games VALUES ('Temp', '1.0', 5);
	INSERT INTO games VALUES ('Temp', '1.1', 12);
	INSERT INTO games VALUES ('Temp', '1.2', 12);
	INSERT INTO games VALUES ('Temp', '2.0', 12);
	INSERT INTO games VALUES ('Temp', '2.1', 5.0);
	INSERT INTO games VALUES ('Temp', '3.0', 12);
	INSERT INTO games VALUES ('Tempsoft', '1.0', 5);
	INSERT INTO games VALUES ('Tempsoft', '1.1', 12);
	INSERT INTO games VALUES ('Tempsoft', '1.2', 3.99);
	INSERT INTO games VALUES ('Tempsoft', '2.0', 5);
	INSERT INTO games VALUES ('Tempsoft', '2.1', 12);
	INSERT INTO games VALUES ('Tin', '1.0', 5);
	INSERT INTO games VALUES ('Tin', '1.1', 12);
	INSERT INTO games VALUES ('Tin', '1.2', 3.99);
	INSERT INTO games VALUES ('Tin', '2.0', 12);
	INSERT INTO games VALUES ('Tin', '2.1', 3.99);
	INSERT INTO games VALUES ('Tin', '3.0', 12);
	INSERT INTO games VALUES ('Toughjoyfax', '1.0', 5);
	INSERT INTO games VALUES ('Toughjoyfax', '1.1', 12);
	INSERT INTO games VALUES ('Toughjoyfax', '1.2', 12);
	INSERT INTO games VALUES ('Toughjoyfax', '2.0', 5);
	INSERT INTO games VALUES ('Toughjoyfax', '2.1', 12);
	INSERT INTO games VALUES ('Toughjoyfax', '3.0', 5);
	INSERT INTO games VALUES ('Transcof', '1.0', 3.99);
	INSERT INTO games VALUES ('Transcof', '1.1', 2.99);
	INSERT INTO games VALUES ('Transcof', '1.2', 12);
	INSERT INTO games VALUES ('Transcof', '2.0', 2.99);
	INSERT INTO games VALUES ('Transcof', '2.1', 5.0);
	INSERT INTO games VALUES ('Transcof', '3.0', 3.99);
	INSERT INTO games VALUES ('Treeflex', '1.0', 2.99);
	INSERT INTO games VALUES ('Treeflex', '1.1', 1.99);
	INSERT INTO games VALUES ('Treeflex', '2.1', 5.0);
	INSERT INTO games VALUES ('Treeflex', '3.0', 12);
	INSERT INTO games VALUES ('Tres-Zap', '1.0', 12);
	INSERT INTO games VALUES ('Tres-Zap', '1.1', 1.99);
	INSERT INTO games VALUES ('Tres-Zap', '1.2', 3.99);
	INSERT INTO games VALUES ('Tres-Zap', '2.1', 3.99);
	INSERT INTO games VALUES ('Tres-Zap', '3.0', 12);
	INSERT INTO games VALUES ('Tresom', '1.0', 12);
	INSERT INTO games VALUES ('Tresom', '1.1', 12);
	INSERT INTO games VALUES ('Tresom', '1.2', 3.99);
	INSERT INTO games VALUES ('Tresom', '2.0', 12);
	INSERT INTO games VALUES ('Tresom', '2.1', 2.99);
	INSERT INTO games VALUES ('Trippledex', '1.0', 2.99);
	INSERT INTO games VALUES ('Trippledex', '1.1', 12);
	INSERT INTO games VALUES ('Trippledex', '1.2', 12);
	INSERT INTO games VALUES ('Trippledex', '2.0', 2.99);
	INSERT INTO games VALUES ('Trippledex', '2.1', 12);
	INSERT INTO games VALUES ('Trippledex', '3.0', 12);
	INSERT INTO games VALUES ('Vagram', '1.0', 12);
	INSERT INTO games VALUES ('Vagram', '1.1', 3.99);
	INSERT INTO games VALUES ('Vagram', '1.2', 2.99);
	INSERT INTO games VALUES ('Vagram', '2.0', 12);
	INSERT INTO games VALUES ('Vagram', '2.1', 5.0);
	INSERT INTO games VALUES ('Vagram', '3.0', 12);
	INSERT INTO games VALUES ('Ventosanzap', '1.0', 12);
	INSERT INTO games VALUES ('Ventosanzap', '1.1', 2.99);
	INSERT INTO games VALUES ('Ventosanzap', '1.2', 12);
	INSERT INTO games VALUES ('Ventosanzap', '2.0', 2.99);
	INSERT INTO games VALUES ('Ventosanzap', '3.0', 5);
	INSERT INTO games VALUES ('Veribet', '1.0', 12);
	INSERT INTO games VALUES ('Veribet', '1.1', 12);
	INSERT INTO games VALUES ('Veribet', '1.2', 3.99);
	INSERT INTO games VALUES ('Veribet', '2.0', 12);
	INSERT INTO games VALUES ('Veribet', '2.1', 2.99);
	INSERT INTO games VALUES ('Veribet', '3.0', 12);
	INSERT INTO games VALUES ('Viva', '1.0', 12);
	INSERT INTO games VALUES ('Viva', '1.1', 3.99);
	INSERT INTO games VALUES ('Viva', '1.2', 5.0);
	INSERT INTO games VALUES ('Viva', '2.0', 12);
	INSERT INTO games VALUES ('Viva', '2.1', 5.0);
	INSERT INTO games VALUES ('Viva', '3.0', 12);
	INSERT INTO games VALUES ('Voltsillam', '1.0', 2.99);
	INSERT INTO games VALUES ('Voltsillam', '1.1', 12);
	INSERT INTO games VALUES ('Voltsillam', '1.2', 3.99);
	INSERT INTO games VALUES ('Voltsillam', '2.0', 3.99);
	INSERT INTO games VALUES ('Voltsillam', '2.1', 1.99);
	INSERT INTO games VALUES ('Voltsillam', '3.0', 2.99);
	INSERT INTO games VALUES ('Voyatouch', '1.1', 5.0);
	INSERT INTO games VALUES ('Voyatouch', '1.2', 12);
	INSERT INTO games VALUES ('Voyatouch', '2.0', 2.99);
	INSERT INTO games VALUES ('Voyatouch', '2.1', 5.0);
	INSERT INTO games VALUES ('Voyatouch', '3.0', 3.99);
	INSERT INTO games VALUES ('Wrapsafe', '1.0', 12);
	INSERT INTO games VALUES ('Wrapsafe', '1.1', 5.0);
	INSERT INTO games VALUES ('Wrapsafe', '1.2', 12);
	INSERT INTO games VALUES ('Wrapsafe', '2.1', 12);
	INSERT INTO games VALUES ('Wrapsafe', '3.0', 1.99);
	INSERT INTO games VALUES ('Y-find', '1.0', 5);
	INSERT INTO games VALUES ('Y-find', '1.1', 3.99);
	INSERT INTO games VALUES ('Y-find', '1.2', 12);
	INSERT INTO games VALUES ('Y-find', '2.0', 5);
	INSERT INTO games VALUES ('Y-find', '2.1', 12);
	INSERT INTO games VALUES ('Y-find', '3.0', 12);
	INSERT INTO games VALUES ('Y-Solowarm', '1.0', 1.99);
	INSERT INTO games VALUES ('Y-Solowarm', '1.1', 12);
	INSERT INTO games VALUES ('Y-Solowarm', '1.2', 12);
	INSERT INTO games VALUES ('Y-Solowarm', '2.0', 2.99);
	INSERT INTO games VALUES ('Y-Solowarm', '2.1', 5.0);
	INSERT INTO games VALUES ('Y-Solowarm', '3.0', 3.99);
	INSERT INTO games VALUES ('Zaam-Dox', '1.1', 3.99);
	INSERT INTO games VALUES ('Zaam-Dox', '1.2', 12);
	INSERT INTO games VALUES ('Zaam-Dox', '2.0', 3.99);
	INSERT INTO games VALUES ('Zaam-Dox', '2.1', 5.0);
	INSERT INTO games VALUES ('Zaam-Dox', '3.0', 2.99);
	INSERT INTO games VALUES ('Zamit', '1.0', 5);
	INSERT INTO games VALUES ('Zamit', '1.2', 5.0);
	INSERT INTO games VALUES ('Zamit', '2.0', 5);
	INSERT INTO games VALUES ('Zamit', '2.1', 3.99);
	INSERT INTO games VALUES ('Zamit', '3.0', 3.99);
	INSERT INTO games VALUES ('Zathin', '1.0', 12);
	INSERT INTO games VALUES ('Zathin', '1.2', 5.0);
	INSERT INTO games VALUES ('Zathin', '2.1', 12);
	INSERT INTO games VALUES ('Zathin', '3.0', 5);
	INSERT INTO games VALUES ('Zontrax', '1.0', 5);
	INSERT INTO games VALUES ('Zontrax', '1.1', 5.0);
	INSERT INTO games VALUES ('Zontrax', '1.2', 12);
	INSERT INTO games VALUES ('Zontrax', '2.0', 2.99);
	INSERT INTO games VALUES ('Zontrax', '2.1', 5.0);
	INSERT INTO games VALUES ('Zontrax', '3.0', 5);
	INSERT INTO games VALUES ('Zoolab', '1.0', 3.99);
	INSERT INTO games VALUES ('Zoolab', '1.1', 5.0);
	INSERT INTO games VALUES ('Zoolab', '1.2', 5.0);
	INSERT INTO games VALUES ('Zoolab', '2.0', 5);
	INSERT INTO games VALUES ('Zoolab', '2.1', 2.99);
	INSERT INTO games VALUES ('Zoolab', '3.0', 5);
	
	SELECT name FROM game limit 3;
	
	
2018-02-21 15:01:24.665 +08 [97204] ERROR:  relation "games" already exists
2018-02-21 15:01:24.665 +08 [97204] STATEMENT:  SELECT * FROM book;
	
	CREATE TABLE games (
	 	name VARCHAR(32),
	  	version CHAR(3),
	  	price NUMERIC NOT NULL,
		PRIMARY KEY (name, version));
	
	  
	INSERT INTO games VALUES ('Aerified', '1.0', 12);
	INSERT INTO games VALUES ('Aerified', '1.1', 3.99);
	INSERT INTO games VALUES ('Aerified', '1.2', 1.99);
	INSERT INTO games VALUES ('Aerified', '2.0', 5);
	INSERT INTO games VALUES ('Aerified', '2.1', 12);
	INSERT INTO games VALUES ('Aerified', '3.0', 3.99);
	INSERT INTO games VALUES ('Alpha', '1.0', 12);
	INSERT INTO games VALUES ('Alpha', '1.1', 3.99);
	INSERT INTO games VALUES ('Alpha', '1.2', 12);
	INSERT INTO games VALUES ('Alpha', '2.0', 12);
	INSERT INTO games VALUES ('Alpha', '2.1', 2.99);
	INSERT INTO games VALUES ('Alpha', '3.0', 5);
	INSERT INTO games VALUES ('Alphazap', '1.1', 5.0);
	INSERT INTO games VALUES ('Alphazap', '1.2', 3.99);
	INSERT INTO games VALUES ('Alphazap', '2.0', 5);
	INSERT INTO games VALUES ('Alphazap', '2.1', 3.99);
	INSERT INTO games VALUES ('Alphazap', '3.0', 12);
	INSERT INTO games VALUES ('Andalax', '1.0', 12);
	INSERT INTO games VALUES ('Andalax', '1.1', 12);
	INSERT INTO games VALUES ('Andalax', '2.0', 12);
	INSERT INTO games VALUES ('Andalax', '2.1', 1.99);
	INSERT INTO games VALUES ('Andalax', '3.0', 12);
	INSERT INTO games VALUES ('Asoka', '1.0', 12);
	INSERT INTO games VALUES ('Asoka', '1.1', 1.99);
	INSERT INTO games VALUES ('Asoka', '2.0', 5);
	INSERT INTO games VALUES ('Asoka', '2.1', 2.99);
	INSERT INTO games VALUES ('Bamity', '1.0', 12);
	INSERT INTO games VALUES ('Bamity', '1.1', 12);
	INSERT INTO games VALUES ('Bamity', '1.2', 12);
	INSERT INTO games VALUES ('Bamity', '2.0', 3.99);
	INSERT INTO games VALUES ('Bamity', '3.0', 12);
	INSERT INTO games VALUES ('Bigtax', '1.1', 5.0);
	INSERT INTO games VALUES ('Bigtax', '2.1', 12);
	INSERT INTO games VALUES ('Bigtax', '3.0', 1.99);
	INSERT INTO games VALUES ('Biodex', '1.0', 2.99);
	INSERT INTO games VALUES ('Biodex', '1.1', 2.99);
	INSERT INTO games VALUES ('Biodex', '1.2', 12);
	INSERT INTO games VALUES ('Biodex', '2.0', 3.99);
	INSERT INTO games VALUES ('Biodex', '2.1', 12);
	INSERT INTO games VALUES ('Bitchip', '1.0', 12);
	INSERT INTO games VALUES ('Bitchip', '1.2', 12);
	INSERT INTO games VALUES ('Bitchip', '2.0', 2.99);
	INSERT INTO games VALUES ('Bitchip', '3.0', 12);
	INSERT INTO games VALUES ('Bitwolf', '1.0', 5);
	INSERT INTO games VALUES ('Bitwolf', '1.1', 5.0);
	INSERT INTO games VALUES ('Bitwolf', '1.2', 1.99);
	INSERT INTO games VALUES ('Bitwolf', '2.0', 3.99);
	INSERT INTO games VALUES ('Bitwolf', '2.1', 5.0);
	INSERT INTO games VALUES ('Bitwolf', '3.0', 5);
	INSERT INTO games VALUES ('Bytecard', '1.2', 12);
	INSERT INTO games VALUES ('Bytecard', '2.0', 5);
	INSERT INTO games VALUES ('Bytecard', '3.0', 5);
	INSERT INTO games VALUES ('Cardguard', '1.0', 12);
	INSERT INTO games VALUES ('Cardguard', '1.1', 12);
	INSERT INTO games VALUES ('Cardguard', '1.2', 12);
	INSERT INTO games VALUES ('Cardguard', '2.0', 5);
	INSERT INTO games VALUES ('Cardguard', '3.0', 3.99);
	INSERT INTO games VALUES ('Cardify', '1.0', 3.99);
	INSERT INTO games VALUES ('Cardify', '1.1', 12);
	INSERT INTO games VALUES ('Cardify', '1.2', 5.0);
	INSERT INTO games VALUES ('Cardify', '2.0', 12);
	INSERT INTO games VALUES ('Cardify', '2.1', 5.0);
	INSERT INTO games VALUES ('Cookley', '1.0', 5);
	INSERT INTO games VALUES ('Cookley', '1.1', 3.99);
	INSERT INTO games VALUES ('Cookley', '1.2', 1.99);
	INSERT INTO games VALUES ('Cookley', '2.0', 3.99);
	INSERT INTO games VALUES ('Cookley', '2.1', 12);
	INSERT INTO games VALUES ('Cookley', '3.0', 1.99);
	INSERT INTO games VALUES ('Daltfresh', '1.0', 2.99);
	INSERT INTO games VALUES ('Daltfresh', '1.1', 5.0);
	INSERT INTO games VALUES ('Daltfresh', '1.2', 12);
	INSERT INTO games VALUES ('Daltfresh', '2.0', 12);
	INSERT INTO games VALUES ('Daltfresh', '2.1', 12);
	INSERT INTO games VALUES ('Domainer', '1.0', 12);
	INSERT INTO games VALUES ('Domainer', '1.1', 12);
	INSERT INTO games VALUES ('Domainer', '1.2', 5.0);
	INSERT INTO games VALUES ('Domainer', '2.0', 3.99);
	INSERT INTO games VALUES ('Domainer', '2.1', 2.99);
	INSERT INTO games VALUES ('Duobam', '1.0', 12);
	INSERT INTO games VALUES ('Duobam', '1.1', 12);
	INSERT INTO games VALUES ('Duobam', '1.2', 1.99);
	INSERT INTO games VALUES ('Duobam', '2.1', 12);
	INSERT INTO games VALUES ('Duobam', '3.0', 3.99);
	INSERT INTO games VALUES ('Fintone', '1.0', 12);
	INSERT INTO games VALUES ('Fintone', '1.2', 12);
	INSERT INTO games VALUES ('Fintone', '2.0', 2.99);
	INSERT INTO games VALUES ('Fintone', '2.1', 2.99);
	INSERT INTO games VALUES ('Fix San', '1.0', 3.99);
	INSERT INTO games VALUES ('Fix San', '1.1', 5.0);
	INSERT INTO games VALUES ('Fix San', '1.2', 5.0);
	INSERT INTO games VALUES ('Fix San', '2.0', 5);
	INSERT INTO games VALUES ('Fix San', '2.1', 5.0);
	INSERT INTO games VALUES ('Fix San', '3.0', 5);
	INSERT INTO games VALUES ('Fixflex', '1.0', 12);
	INSERT INTO games VALUES ('Fixflex', '1.1', 3.99);
	INSERT INTO games VALUES ('Fixflex', '1.2', 2.99);
	INSERT INTO games VALUES ('Fixflex', '2.0', 3.99);
	INSERT INTO games VALUES ('Fixflex', '2.1', 5.0);
	INSERT INTO games VALUES ('Fixflex', '3.0', 5);
	INSERT INTO games VALUES ('Flexidy', '1.1', 1.99);
	INSERT INTO games VALUES ('Flexidy', '1.2', 5.0);
	INSERT INTO games VALUES ('Flexidy', '2.0', 5);
	INSERT INTO games VALUES ('Flexidy', '2.1', 2.99);
	INSERT INTO games VALUES ('Flowdesk', '1.0', 12);
	INSERT INTO games VALUES ('Flowdesk', '1.1', 12);
	INSERT INTO games VALUES ('Flowdesk', '1.2', 12);
	INSERT INTO games VALUES ('Flowdesk', '2.0', 12);
	INSERT INTO games VALUES ('Flowdesk', '2.1', 12);
	INSERT INTO games VALUES ('Flowdesk', '3.0', 5);
	INSERT INTO games VALUES ('Gembucket', '1.0', 5);
	INSERT INTO games VALUES ('Gembucket', '1.1', 12);
	INSERT INTO games VALUES ('Gembucket', '1.2', 3.99);
	INSERT INTO games VALUES ('Gembucket', '2.0', 12);
	INSERT INTO games VALUES ('Gembucket', '2.1', 1.99);
	INSERT INTO games VALUES ('Gembucket', '3.0', 12);
	INSERT INTO games VALUES ('Greenlam', '1.0', 3.99);
	INSERT INTO games VALUES ('Greenlam', '1.1', 1.99);
	INSERT INTO games VALUES ('Greenlam', '1.2', 12);
	INSERT INTO games VALUES ('Greenlam', '2.0', 5);
	INSERT INTO games VALUES ('Greenlam', '3.0', 5);
	INSERT INTO games VALUES ('Hatity', '1.0', 1.99);
	INSERT INTO games VALUES ('Hatity', '1.1', 12);
	INSERT INTO games VALUES ('Hatity', '1.2', 3.99);
	INSERT INTO games VALUES ('Hatity', '2.0', 5);
	INSERT INTO games VALUES ('Hatity', '2.1', 12);
	INSERT INTO games VALUES ('Hatity', '3.0', 5);
	INSERT INTO games VALUES ('Holdlamis', '1.0', 5);
	INSERT INTO games VALUES ('Holdlamis', '1.1', 2.99);
	INSERT INTO games VALUES ('Holdlamis', '2.0', 12);
	INSERT INTO games VALUES ('Holdlamis', '2.1', 3.99);
	INSERT INTO games VALUES ('Holdlamis', '3.0', 3.99);
	INSERT INTO games VALUES ('Home Ing', '1.2', 3.99);
	INSERT INTO games VALUES ('Home Ing', '2.0', 12);
	INSERT INTO games VALUES ('Home Ing', '2.1', 5.0);
	INSERT INTO games VALUES ('It', '1.0', 5);
	INSERT INTO games VALUES ('It', '1.1', 12);
	INSERT INTO games VALUES ('It', '1.2', 1.99);
	INSERT INTO games VALUES ('It', '2.0', 12);
	INSERT INTO games VALUES ('It', '2.1', 12);
	INSERT INTO games VALUES ('It', '3.0', 2.99);
	INSERT INTO games VALUES ('Job', '1.0', 12);
	INSERT INTO games VALUES ('Job', '1.1', 5.0);
	INSERT INTO games VALUES ('Job', '1.2', 2.99);
	INSERT INTO games VALUES ('Job', '2.0', 12);
	INSERT INTO games VALUES ('Job', '2.1', 1.99);
	INSERT INTO games VALUES ('Job', '3.0', 12);
	INSERT INTO games VALUES ('Kanlam', '1.0', 5);
	INSERT INTO games VALUES ('Kanlam', '1.1', 12);
	INSERT INTO games VALUES ('Kanlam', '1.2', 3.99);
	INSERT INTO games VALUES ('Kanlam', '2.1', 12);
	INSERT INTO games VALUES ('Kanlam', '3.0', 2.99);
	INSERT INTO games VALUES ('Keylex', '1.0', 3.99);
	INSERT INTO games VALUES ('Keylex', '1.1', 1.99);
	INSERT INTO games VALUES ('Keylex', '1.2', 12);
	INSERT INTO games VALUES ('Keylex', '2.1', 5.0);
	INSERT INTO games VALUES ('Keylex', '3.0', 2.99);
	INSERT INTO games VALUES ('Konklab', '1.0', 5);
	INSERT INTO games VALUES ('Konklab', '1.2', 12);
	INSERT INTO games VALUES ('Konklab', '2.0', 5);
	INSERT INTO games VALUES ('Konklab', '3.0', 1.99);
	INSERT INTO games VALUES ('Konklux', '1.0', 2.99);
	INSERT INTO games VALUES ('Konklux', '1.2', 12);
	INSERT INTO games VALUES ('Konklux', '2.0', 12);
	INSERT INTO games VALUES ('Konklux', '2.1', 3.99);
	INSERT INTO games VALUES ('Konklux', '3.0', 3.99);
	INSERT INTO games VALUES ('Latlux', '1.0', 5);
	INSERT INTO games VALUES ('Latlux', '1.1', 12);
	INSERT INTO games VALUES ('Latlux', '1.2', 2.99);
	INSERT INTO games VALUES ('Latlux', '2.0', 12);
	INSERT INTO games VALUES ('Latlux', '2.1', 3.99);
	INSERT INTO games VALUES ('Latlux', '3.0', 5);
	INSERT INTO games VALUES ('Lotlux', '1.0', 3.99);
	INSERT INTO games VALUES ('Lotlux', '1.1', 12);
	INSERT INTO games VALUES ('Lotlux', '1.2', 3.99);
	INSERT INTO games VALUES ('Lotlux', '2.1', 5.0);
	INSERT INTO games VALUES ('Lotlux', '3.0', 12);
	INSERT INTO games VALUES ('Lotstring', '1.0', 12);
	INSERT INTO games VALUES ('Lotstring', '1.1', 5.0);
	INSERT INTO games VALUES ('Lotstring', '1.2', 3.99);
	INSERT INTO games VALUES ('Lotstring', '2.0', 12);
	INSERT INTO games VALUES ('Lotstring', '2.1', 3.99);
	INSERT INTO games VALUES ('Lotstring', '3.0', 5);
	INSERT INTO games VALUES ('Mat Lam Tam', '1.0', 12);
	INSERT INTO games VALUES ('Mat Lam Tam', '1.1', 12);
	INSERT INTO games VALUES ('Mat Lam Tam', '1.2', 5.0);
	INSERT INTO games VALUES ('Mat Lam Tam', '2.0', 12);
	INSERT INTO games VALUES ('Mat Lam Tam', '2.1', 1.99);
	INSERT INTO games VALUES ('Mat Lam Tam', '3.0', 5);
	INSERT INTO games VALUES ('Matsoft', '1.0', 12);
	INSERT INTO games VALUES ('Matsoft', '1.1', 5.0);
	INSERT INTO games VALUES ('Matsoft', '1.2', 5.0);
	INSERT INTO games VALUES ('Matsoft', '2.0', 5);
	INSERT INTO games VALUES ('Matsoft', '2.1', 1.99);
	INSERT INTO games VALUES ('Matsoft', '3.0', 5);
	INSERT INTO games VALUES ('Namfix', '1.0', 2.99);
	INSERT INTO games VALUES ('Namfix', '1.1', 5.0);
	INSERT INTO games VALUES ('Namfix', '1.2', 2.99);
	INSERT INTO games VALUES ('Namfix', '2.1', 12);
	INSERT INTO games VALUES ('Namfix', '3.0', 12);
	INSERT INTO games VALUES ('Opela', '1.0', 5);
	INSERT INTO games VALUES ('Opela', '1.1', 3.99);
	INSERT INTO games VALUES ('Opela', '1.2', 5.0);
	INSERT INTO games VALUES ('Opela', '2.0', 5);
	INSERT INTO games VALUES ('Opela', '2.1', 3.99);
	INSERT INTO games VALUES ('Opela', '3.0', 2.99);
	INSERT INTO games VALUES ('Otcom', '1.0', 3.99);
	INSERT INTO games VALUES ('Otcom', '1.2', 5.0);
	INSERT INTO games VALUES ('Otcom', '2.0', 12);
	INSERT INTO games VALUES ('Otcom', '3.0', 3.99);
	INSERT INTO games VALUES ('Overhold', '1.0', 1.99);
	INSERT INTO games VALUES ('Overhold', '1.1', 2.99);
	INSERT INTO games VALUES ('Overhold', '1.2', 5.0);
	INSERT INTO games VALUES ('Overhold', '2.0', 12);
	INSERT INTO games VALUES ('Overhold', '2.1', 5.0);
	INSERT INTO games VALUES ('Overhold', '3.0', 2.99);
	INSERT INTO games VALUES ('Pannier', '1.0', 3.99);
	INSERT INTO games VALUES ('Pannier', '1.2', 12);
	INSERT INTO games VALUES ('Pannier', '2.0', 5);
	INSERT INTO games VALUES ('Pannier', '2.1', 12);
	INSERT INTO games VALUES ('Prodder', '1.0', 12);
	INSERT INTO games VALUES ('Prodder', '1.1', 2.99);
	INSERT INTO games VALUES ('Prodder', '1.2', 12);
	INSERT INTO games VALUES ('Prodder', '2.0', 5);
	INSERT INTO games VALUES ('Prodder', '3.0', 12);
	INSERT INTO games VALUES ('Quo Lux', '1.0', 12);
	INSERT INTO games VALUES ('Quo Lux', '1.1', 12);
	INSERT INTO games VALUES ('Quo Lux', '1.2', 5.0);
	INSERT INTO games VALUES ('Quo Lux', '2.0', 1.99);
	INSERT INTO games VALUES ('Quo Lux', '2.1', 12);
	INSERT INTO games VALUES ('Quo Lux', '3.0', 2.99);
	INSERT INTO games VALUES ('Rank', '1.0', 12);
	INSERT INTO games VALUES ('Rank', '1.1', 2.99);
	INSERT INTO games VALUES ('Rank', '1.2', 5.0);
	INSERT INTO games VALUES ('Rank', '2.0', 5);
	INSERT INTO games VALUES ('Rank', '2.1', 1.99);
	INSERT INTO games VALUES ('Rank', '3.0', 5);
	INSERT INTO games VALUES ('Redhold', '1.0', 12);
	INSERT INTO games VALUES ('Redhold', '1.1', 12);
	INSERT INTO games VALUES ('Redhold', '1.2', 12);
	INSERT INTO games VALUES ('Redhold', '2.0', 12);
	INSERT INTO games VALUES ('Redhold', '2.1', 12);
	INSERT INTO games VALUES ('Redhold', '3.0', 5);
	INSERT INTO games VALUES ('Regrant', '1.0', 3.99);
	INSERT INTO games VALUES ('Regrant', '1.1', 12);
	INSERT INTO games VALUES ('Regrant', '1.2', 12);
	INSERT INTO games VALUES ('Regrant', '2.0', 3.99);
	INSERT INTO games VALUES ('Regrant', '3.0', 12);
	INSERT INTO games VALUES ('Ronstring', '1.0', 3.99);
	INSERT INTO games VALUES ('Ronstring', '1.1', 3.99);
	INSERT INTO games VALUES ('Ronstring', '1.2', 5.0);
	INSERT INTO games VALUES ('Ronstring', '2.0', 5);
	INSERT INTO games VALUES ('Ronstring', '2.1', 12);
	INSERT INTO games VALUES ('Ronstring', '3.0', 5);
	INSERT INTO games VALUES ('Solarbreeze', '1.0', 5);
	INSERT INTO games VALUES ('Solarbreeze', '1.1', 3.99);
	INSERT INTO games VALUES ('Solarbreeze', '1.2', 5.0);
	INSERT INTO games VALUES ('Solarbreeze', '2.0', 2.99);
	INSERT INTO games VALUES ('Solarbreeze', '2.1', 3.99);
	INSERT INTO games VALUES ('Solarbreeze', '3.0', 3.99);
	INSERT INTO games VALUES ('Sonair', '1.0', 12);
	INSERT INTO games VALUES ('Sonair', '1.1', 2.99);
	INSERT INTO games VALUES ('Sonair', '1.2', 2.99);
	INSERT INTO games VALUES ('Sonair', '2.0', 3.99);
	INSERT INTO games VALUES ('Sonair', '2.1', 3.99);
	INSERT INTO games VALUES ('Sonair', '3.0', 12);
	INSERT INTO games VALUES ('Sonsing', '1.0', 3.99);
	INSERT INTO games VALUES ('Sonsing', '1.1', 1.99);
	INSERT INTO games VALUES ('Sonsing', '2.0', 12);
	INSERT INTO games VALUES ('Sonsing', '2.1', 3.99);
	INSERT INTO games VALUES ('Sonsing', '3.0', 2.99);
	INSERT INTO games VALUES ('Span', '1.0', 1.99);
	INSERT INTO games VALUES ('Span', '1.1', 5.0);
	INSERT INTO games VALUES ('Span', '1.2', 3.99);
	INSERT INTO games VALUES ('Span', '2.1', 5.0);
	INSERT INTO games VALUES ('Span', '3.0', 1.99);
	INSERT INTO games VALUES ('Stim', '1.0', 5);
	INSERT INTO games VALUES ('Stim', '1.1', 2.99);
	INSERT INTO games VALUES ('Stim', '1.2', 12);
	INSERT INTO games VALUES ('Stim', '2.1', 1.99);
	INSERT INTO games VALUES ('Stim', '3.0', 3.99);
	INSERT INTO games VALUES ('Stringtough', '1.0', 3.99);
	INSERT INTO games VALUES ('Stringtough', '1.1', 3.99);
	INSERT INTO games VALUES ('Stringtough', '1.2', 12);
	INSERT INTO games VALUES ('Stringtough', '2.0', 3.99);
	INSERT INTO games VALUES ('Stringtough', '3.0', 12);
	INSERT INTO games VALUES ('Stronghold', '1.0', 12);
	INSERT INTO games VALUES ('Stronghold', '1.1', 12);
	INSERT INTO games VALUES ('Stronghold', '1.2', 3.99);
	INSERT INTO games VALUES ('Stronghold', '2.0', 2.99);
	INSERT INTO games VALUES ('Stronghold', '2.1', 12);
	INSERT INTO games VALUES ('Stronghold', '3.0', 1.99);
	INSERT INTO games VALUES ('Sub-Ex', '1.0', 12);
	INSERT INTO games VALUES ('Sub-Ex', '1.1', 12);
	INSERT INTO games VALUES ('Sub-Ex', '2.0', 5);
	INSERT INTO games VALUES ('Sub-Ex', '2.1', 5.0);
	INSERT INTO games VALUES ('Subin', '1.0', 12);
	INSERT INTO games VALUES ('Subin', '1.1', 2.99);
	INSERT INTO games VALUES ('Subin', '1.2', 12);
	INSERT INTO games VALUES ('Subin', '2.0', 3.99);
	INSERT INTO games VALUES ('Subin', '2.1', 5.0);
	INSERT INTO games VALUES ('Tampflex', '1.1', 12);
	INSERT INTO games VALUES ('Tampflex', '2.0', 12);
	INSERT INTO games VALUES ('Tampflex', '2.1', 5.0);
	INSERT INTO games VALUES ('Tampflex', '3.0', 3.99);
	INSERT INTO games VALUES ('Temp', '1.0', 5);
	INSERT INTO games VALUES ('Temp', '1.1', 12);
	INSERT INTO games VALUES ('Temp', '1.2', 12);
	INSERT INTO games VALUES ('Temp', '2.0', 12);
	INSERT INTO games VALUES ('Temp', '2.1', 5.0);
	INSERT INTO games VALUES ('Temp', '3.0', 12);
	INSERT INTO games VALUES ('Tempsoft', '1.0', 5);
	INSERT INTO games VALUES ('Tempsoft', '1.1', 12);
	INSERT INTO games VALUES ('Tempsoft', '1.2', 3.99);
	INSERT INTO games VALUES ('Tempsoft', '2.0', 5);
	INSERT INTO games VALUES ('Tempsoft', '2.1', 12);
	INSERT INTO games VALUES ('Tin', '1.0', 5);
	INSERT INTO games VALUES ('Tin', '1.1', 12);
	INSERT INTO games VALUES ('Tin', '1.2', 3.99);
	INSERT INTO games VALUES ('Tin', '2.0', 12);
	INSERT INTO games VALUES ('Tin', '2.1', 3.99);
	INSERT INTO games VALUES ('Tin', '3.0', 12);
	INSERT INTO games VALUES ('Toughjoyfax', '1.0', 5);
	INSERT INTO games VALUES ('Toughjoyfax', '1.1', 12);
	INSERT INTO games VALUES ('Toughjoyfax', '1.2', 12);
	INSERT INTO games VALUES ('Toughjoyfax', '2.0', 5);
	INSERT INTO games VALUES ('Toughjoyfax', '2.1', 12);
	INSERT INTO games VALUES ('Toughjoyfax', '3.0', 5);
	INSERT INTO games VALUES ('Transcof', '1.0', 3.99);
	INSERT INTO games VALUES ('Transcof', '1.1', 2.99);
	INSERT INTO games VALUES ('Transcof', '1.2', 12);
	INSERT INTO games VALUES ('Transcof', '2.0', 2.99);
	INSERT INTO games VALUES ('Transcof', '2.1', 5.0);
	INSERT INTO games VALUES ('Transcof', '3.0', 3.99);
	INSERT INTO games VALUES ('Treeflex', '1.0', 2.99);
	INSERT INTO games VALUES ('Treeflex', '1.1', 1.99);
	INSERT INTO games VALUES ('Treeflex', '2.1', 5.0);
	INSERT INTO games VALUES ('Treeflex', '3.0', 12);
	INSERT INTO games VALUES ('Tres-Zap', '1.0', 12);
	INSERT INTO games VALUES ('Tres-Zap', '1.1', 1.99);
	INSERT INTO games VALUES ('Tres-Zap', '1.2', 3.99);
	INSERT INTO games VALUES ('Tres-Zap', '2.1', 3.99);
	INSERT INTO games VALUES ('Tres-Zap', '3.0', 12);
	INSERT INTO games VALUES ('Tresom', '1.0', 12);
	INSERT INTO games VALUES ('Tresom', '1.1', 12);
	INSERT INTO games VALUES ('Tresom', '1.2', 3.99);
	INSERT INTO games VALUES ('Tresom', '2.0', 12);
	INSERT INTO games VALUES ('Tresom', '2.1', 2.99);
	INSERT INTO games VALUES ('Trippledex', '1.0', 2.99);
	INSERT INTO games VALUES ('Trippledex', '1.1', 12);
	INSERT INTO games VALUES ('Trippledex', '1.2', 12);
	INSERT INTO games VALUES ('Trippledex', '2.0', 2.99);
	INSERT INTO games VALUES ('Trippledex', '2.1', 12);
	INSERT INTO games VALUES ('Trippledex', '3.0', 12);
	INSERT INTO games VALUES ('Vagram', '1.0', 12);
	INSERT INTO games VALUES ('Vagram', '1.1', 3.99);
	INSERT INTO games VALUES ('Vagram', '1.2', 2.99);
	INSERT INTO games VALUES ('Vagram', '2.0', 12);
	INSERT INTO games VALUES ('Vagram', '2.1', 5.0);
	INSERT INTO games VALUES ('Vagram', '3.0', 12);
	INSERT INTO games VALUES ('Ventosanzap', '1.0', 12);
	INSERT INTO games VALUES ('Ventosanzap', '1.1', 2.99);
	INSERT INTO games VALUES ('Ventosanzap', '1.2', 12);
	INSERT INTO games VALUES ('Ventosanzap', '2.0', 2.99);
	INSERT INTO games VALUES ('Ventosanzap', '3.0', 5);
	INSERT INTO games VALUES ('Veribet', '1.0', 12);
	INSERT INTO games VALUES ('Veribet', '1.1', 12);
	INSERT INTO games VALUES ('Veribet', '1.2', 3.99);
	INSERT INTO games VALUES ('Veribet', '2.0', 12);
	INSERT INTO games VALUES ('Veribet', '2.1', 2.99);
	INSERT INTO games VALUES ('Veribet', '3.0', 12);
	INSERT INTO games VALUES ('Viva', '1.0', 12);
	INSERT INTO games VALUES ('Viva', '1.1', 3.99);
	INSERT INTO games VALUES ('Viva', '1.2', 5.0);
	INSERT INTO games VALUES ('Viva', '2.0', 12);
	INSERT INTO games VALUES ('Viva', '2.1', 5.0);
	INSERT INTO games VALUES ('Viva', '3.0', 12);
	INSERT INTO games VALUES ('Voltsillam', '1.0', 2.99);
	INSERT INTO games VALUES ('Voltsillam', '1.1', 12);
	INSERT INTO games VALUES ('Voltsillam', '1.2', 3.99);
	INSERT INTO games VALUES ('Voltsillam', '2.0', 3.99);
	INSERT INTO games VALUES ('Voltsillam', '2.1', 1.99);
	INSERT INTO games VALUES ('Voltsillam', '3.0', 2.99);
	INSERT INTO games VALUES ('Voyatouch', '1.1', 5.0);
	INSERT INTO games VALUES ('Voyatouch', '1.2', 12);
	INSERT INTO games VALUES ('Voyatouch', '2.0', 2.99);
	INSERT INTO games VALUES ('Voyatouch', '2.1', 5.0);
	INSERT INTO games VALUES ('Voyatouch', '3.0', 3.99);
	INSERT INTO games VALUES ('Wrapsafe', '1.0', 12);
	INSERT INTO games VALUES ('Wrapsafe', '1.1', 5.0);
	INSERT INTO games VALUES ('Wrapsafe', '1.2', 12);
	INSERT INTO games VALUES ('Wrapsafe', '2.1', 12);
	INSERT INTO games VALUES ('Wrapsafe', '3.0', 1.99);
	INSERT INTO games VALUES ('Y-find', '1.0', 5);
	INSERT INTO games VALUES ('Y-find', '1.1', 3.99);
	INSERT INTO games VALUES ('Y-find', '1.2', 12);
	INSERT INTO games VALUES ('Y-find', '2.0', 5);
	INSERT INTO games VALUES ('Y-find', '2.1', 12);
	INSERT INTO games VALUES ('Y-find', '3.0', 12);
	INSERT INTO games VALUES ('Y-Solowarm', '1.0', 1.99);
	INSERT INTO games VALUES ('Y-Solowarm', '1.1', 12);
	INSERT INTO games VALUES ('Y-Solowarm', '1.2', 12);
	INSERT INTO games VALUES ('Y-Solowarm', '2.0', 2.99);
	INSERT INTO games VALUES ('Y-Solowarm', '2.1', 5.0);
	INSERT INTO games VALUES ('Y-Solowarm', '3.0', 3.99);
	INSERT INTO games VALUES ('Zaam-Dox', '1.1', 3.99);
	INSERT INTO games VALUES ('Zaam-Dox', '1.2', 12);
	INSERT INTO games VALUES ('Zaam-Dox', '2.0', 3.99);
	INSERT INTO games VALUES ('Zaam-Dox', '2.1', 5.0);
	INSERT INTO games VALUES ('Zaam-Dox', '3.0', 2.99);
	INSERT INTO games VALUES ('Zamit', '1.0', 5);
	INSERT INTO games VALUES ('Zamit', '1.2', 5.0);
	INSERT INTO games VALUES ('Zamit', '2.0', 5);
	INSERT INTO games VALUES ('Zamit', '2.1', 3.99);
	INSERT INTO games VALUES ('Zamit', '3.0', 3.99);
	INSERT INTO games VALUES ('Zathin', '1.0', 12);
	INSERT INTO games VALUES ('Zathin', '1.2', 5.0);
	INSERT INTO games VALUES ('Zathin', '2.1', 12);
	INSERT INTO games VALUES ('Zathin', '3.0', 5);
	INSERT INTO games VALUES ('Zontrax', '1.0', 5);
	INSERT INTO games VALUES ('Zontrax', '1.1', 5.0);
	INSERT INTO games VALUES ('Zontrax', '1.2', 12);
	INSERT INTO games VALUES ('Zontrax', '2.0', 2.99);
	INSERT INTO games VALUES ('Zontrax', '2.1', 5.0);
	INSERT INTO games VALUES ('Zontrax', '3.0', 5);
	INSERT INTO games VALUES ('Zoolab', '1.0', 3.99);
	INSERT INTO games VALUES ('Zoolab', '1.1', 5.0);
	INSERT INTO games VALUES ('Zoolab', '1.2', 5.0);
	INSERT INTO games VALUES ('Zoolab', '2.0', 5);
	INSERT INTO games VALUES ('Zoolab', '2.1', 2.99);
	INSERT INTO games VALUES ('Zoolab', '3.0', 5);
	
	SELECT name FROM games limit 3;
	
	
	
2018-03-02 18:00:05.739 +08 [67293] ERROR:  relation "users" does not exist
2018-03-02 18:00:05.739 +08 [67293] STATEMENT:  CREATE TABLE Cars(
		plateNum VARCHAR(16) PRIMARY KEY,
		models VARCHAR(64) NOT NULL,
		numSeats INTEGER NOT NULL,
		CONSTRAINT numSeats CHECK (numSeats>0));
	   
	CREATE TABLE Drive(
		plateNum VARCHAR(16),
		ICNum VARCHAR(16),
		PRIMARY KEY(plateNum, ICNum),
	    FOREIGN KEY(plateNum) REFERENCES Cars(plateNum)
	    ON DELETE CASCADE,
	    FOREIGN KEY(ICNum) REFERENCES Users(ICNum)
		ON DELETE CASCADE);
	    
	CREATE TABLE Users(
	    userName VARCHAR(16) UNIQUE NOT NULL,
	    userPassword VARCHAR(16) NOT NULL,
		ICNum VARCHAR(16) PRIMARY KEY,
	    firstName VARCHAR(64) NOT NULL,
	    lastName VARCHAR(64) NOT NULL,
	    email VARCHAR(64) UNIQUE NOT NULL,
	    phoneNum INTEGER NOT NULL);
	    
	CREATE TABLE Advertisements(
		adID INTEGER PRIMARY KEY,
	    origin VARCHAR(64) NOT NULL,
	    destination VARCHAR(64) NOT NULL,
	    doa TIMESTAMP NOT NULL);
	    
	CREATE TABLE Advertise(
		ICNum VARCHAR(16),
		adID INTEGER,
		PRIMARY KEY(ICNum),
		FOREIGN KEY(ICNum) REFERENCES Users(ICNum)
	    ON DELETE CASCADE,
		FOREIGN KEY(adID) REFERENCES Advertisements(adID)
		ON DELETE CASCADE);
	
	CREATE TABLE Bid(
		ICNum VARCHAR(16),
		adID INTEGER,
	    bidPoints INTEGER DEFAULT 0,
		PRIMARY KEY(ICNum),
		FOREIGN KEY(ICNum) REFERENCES Users(ICNum)
	    ON DELETE CASCADE,
		FOREIGN KEY(adID) REFERENCES Advertisements(adID)
		ON DELETE CASCADE);
	
	CREATE TABLE Administrators(
	    userName VARCHAR(16) UNIQUE NOT NULL,
	    userPassword VARCHAR(16) NOT NULL,
		ICNum VARCHAR(16) PRIMARY KEY);
2018-03-02 18:01:35.143 +08 [67293] ERROR:  relation "Cars" does not exist at character 13
2018-03-02 18:01:35.143 +08 [67293] STATEMENT:  INSERT INTO "Cars" (plateNum,models,numSeats) VALUES ('GNI29768','Volvo','4');
	INSERT INTO "Cars" (plateNum,models,numSeats) VALUES ('OPU83878','Dodge','7');
	INSERT INTO "Cars" (plateNum,models,numSeats) VALUES ('PXQ52341','Volkswagen','8');
	INSERT INTO "Cars" (plateNum,models,numSeats) VALUES ('WKA28140','Maruti Suzuki','9');
	INSERT INTO "Cars" (plateNum,models,numSeats) VALUES ('CWO44357','Fiat','6');
	INSERT INTO "Cars" (plateNum,models,numSeats) VALUES ('GKL49173','Mercedes-Benz','5');
	INSERT INTO "Cars" (plateNum,models,numSeats) VALUES ('NRB13877','Cadillac','8');
	INSERT INTO "Cars" (plateNum,models,numSeats) VALUES ('FGT31022','Mahindra and Mahindra','8');
	INSERT INTO "Cars" (plateNum,models,numSeats) VALUES ('PZU75568','Dodge','1');
	INSERT INTO "Cars" (plateNum,models,numSeats) VALUES ('UUO47988','Renault','10');
	INSERT INTO "Cars" (plateNum,models,numSeats) VALUES ('RPT83406','JLR','4');
	INSERT INTO "Cars" (plateNum,models,numSeats) VALUES ('YTM72567','Acura','7');
	INSERT INTO "Cars" (plateNum,models,numSeats) VALUES ('JIF24241','Smart','4');
	INSERT INTO "Cars" (plateNum,models,numSeats) VALUES ('DJD97572','Daimler','2');
	INSERT INTO "Cars" (plateNum,models,numSeats) VALUES ('FOY33874','Kia Motors','6');
	INSERT INTO "Cars" (plateNum,models,numSeats) VALUES ('PPV35586','Seat','7');
	INSERT INTO "Cars" (plateNum,models,numSeats) VALUES ('MYJ62093','BMW','2');
	INSERT INTO "Cars" (plateNum,models,numSeats) VALUES ('LSU99662','GMC','3');
	INSERT INTO "Cars" (plateNum,models,numSeats) VALUES ('CXR34512','Mercedes-Benz','10');
	INSERT INTO "Cars" (plateNum,models,numSeats) VALUES ('HJS20650','Tata Motors','2');
	INSERT INTO "Cars" (plateNum,models,numSeats) VALUES ('ISQ90705','Dodge','2');
	INSERT INTO "Cars" (plateNum,models,numSeats) VALUES ('XJF57435','Hyundai Motors','3');
	INSERT INTO "Cars" (plateNum,models,numSeats) VALUES ('DXO51516','Acura','9');
	INSERT INTO "Cars" (plateNum,models,numSeats) VALUES ('PHT73868','Lincoln','3');
	INSERT INTO "Cars" (plateNum,models,numSeats) VALUES ('JQS80238','Ford','5');
	INSERT INTO "Cars" (plateNum,models,numSeats) VALUES ('GUT53848','Kenworth','7');
	INSERT INTO "Cars" (plateNum,models,numSeats) VALUES ('EJK75766','GMC','5');
	INSERT INTO "Cars" (plateNum,models,numSeats) VALUES ('NFC01425','Subaru','9');
	INSERT INTO "Cars" (plateNum,models,numSeats) VALUES ('PXF97397','Citron','7');
	INSERT INTO "Cars" (plateNum,models,numSeats) VALUES ('VZE47444','Jeep','3');
	INSERT INTO "Cars" (plateNum,models,numSeats) VALUES ('COG47464','Ferrari','5');
	INSERT INTO "Cars" (plateNum,models,numSeats) VALUES ('BZU02189','Kia Motors','2');
	INSERT INTO "Cars" (plateNum,models,numSeats) VALUES ('GEE47645','Kenworth','8');
	INSERT INTO "Cars" (plateNum,models,numSeats) VALUES ('JPT17332','Isuzu','10');
	INSERT INTO "Cars" (plateNum,models,numSeats) VALUES ('NFD30185','Daimler','9');
	INSERT INTO "Cars" (plateNum,models,numSeats) VALUES ('TUD73748','Smart','4');
	INSERT INTO "Cars" (plateNum,models,numSeats) VALUES ('QSK42379','Audi','2');
	INSERT INTO "Cars" (plateNum,models,numSeats) VALUES ('SCP73766','Porsche','7');
	INSERT INTO "Cars" (plateNum,models,numSeats) VALUES ('UEC75073','Kenworth','3');
	INSERT INTO "Cars" (plateNum,models,numSeats) VALUES ('HVX08103','Kia Motors','8');
	INSERT INTO "Cars" (plateNum,models,numSeats) VALUES ('FTL93112','Kenworth','10');
	INSERT INTO "Cars" (plateNum,models,numSeats) VALUES ('MJH55067','Citron','10');
	INSERT INTO "Cars" (plateNum,models,numSeats) VALUES ('MDB09113','Mazda','9');
	INSERT INTO "Cars" (plateNum,models,numSeats) VALUES ('NHR21626','Lexus','2');
	INSERT INTO "Cars" (plateNum,models,numSeats) VALUES ('RFJ50087','Mercedes-Benz','5');
	INSERT INTO "Cars" (plateNum,models,numSeats) VALUES ('ZJY34627','Audi','5');
	INSERT INTO "Cars" (plateNum,models,numSeats) VALUES ('XKD80036','Audi','10');
	INSERT INTO "Cars" (plateNum,models,numSeats) VALUES ('VQV32698','JLR','10');
	INSERT INTO "Cars" (plateNum,models,numSeats) VALUES ('ENF50249','Daihatsu','2');
	INSERT INTO "Cars" (plateNum,models,numSeats) VALUES ('BAP01745','Seat','4');
	INSERT INTO "Cars" (plateNum,models,numSeats) VALUES ('KXD17227','Mazda','9');
	INSERT INTO "Cars" (plateNum,models,numSeats) VALUES ('KEK42031','Isuzu','3');
	INSERT INTO "Cars" (plateNum,models,numSeats) VALUES ('DQJ45235','Daimler','10');
	INSERT INTO "Cars" (plateNum,models,numSeats) VALUES ('VEK12390','Maruti Suzuki','2');
	INSERT INTO "Cars" (plateNum,models,numSeats) VALUES ('BDG94966','Daihatsu','1');
	INSERT INTO "Cars" (plateNum,models,numSeats) VALUES ('DAQ71244','Cadillac','2');
	INSERT INTO "Cars" (plateNum,models,numSeats) VALUES ('NUR53479','Jeep','6');
	INSERT INTO "Cars" (plateNum,models,numSeats) VALUES ('WAI76924','Vauxhall','7');
	INSERT INTO "Cars" (plateNum,models,numSeats) VALUES ('GID76937','Maruti Suzuki','10');
	INSERT INTO "Cars" (plateNum,models,numSeats) VALUES ('UKG22144','Mahindra and Mahindra','2');
	INSERT INTO "Cars" (plateNum,models,numSeats) VALUES ('POA55698','GMC','7');
	INSERT INTO "Cars" (plateNum,models,numSeats) VALUES ('NGW04979','Ferrari','1');
	INSERT INTO "Cars" (plateNum,models,numSeats) VALUES ('XFE71495','Subaru','8');
	INSERT INTO "Cars" (plateNum,models,numSeats) VALUES ('PGT23109','Jeep','8');
	INSERT INTO "Cars" (plateNum,models,numSeats) VALUES ('KIG29631','Seat','4');
	INSERT INTO "Cars" (plateNum,models,numSeats) VALUES ('JFZ12910','Lexus','1');
	INSERT INTO "Cars" (plateNum,models,numSeats) VALUES ('CDC46542','RAM Trucks','1');
	INSERT INTO "Cars" (plateNum,models,numSeats) VALUES ('FYQ13082','Buick','9');
	INSERT INTO "Cars" (plateNum,models,numSeats) VALUES ('GFB67909','Porsche','7');
	INSERT INTO "Cars" (plateNum,models,numSeats) VALUES ('CVP27251','GMC','6');
	INSERT INTO "Cars" (plateNum,models,numSeats) VALUES ('JRO54884','Daimler','10');
	INSERT INTO "Cars" (plateNum,models,numSeats) VALUES ('XNE69664','Dodge','5');
	INSERT INTO "Cars" (plateNum,models,numSeats) VALUES ('LBE13990','Acura','9');
	INSERT INTO "Cars" (plateNum,models,numSeats) VALUES ('HQG20755','Lincoln','1');
	INSERT INTO "Cars" (plateNum,models,numSeats) VALUES ('QYZ96388','Volvo','5');
	INSERT INTO "Cars" (plateNum,models,numSeats) VALUES ('FBK95891','BMW','7');
	INSERT INTO "Cars" (plateNum,models,numSeats) VALUES ('VWO45504','Subaru','6');
	INSERT INTO "Cars" (plateNum,models,numSeats) VALUES ('DLT40651','RAM Trucks','1');
	INSERT INTO "Cars" (plateNum,models,numSeats) VALUES ('UKX17022','Dacia','10');
	INSERT INTO "Cars" (plateNum,models,numSeats) VALUES ('WVO97637','Dongfeng Motor','10');
	INSERT INTO "Cars" (plateNum,models,numSeats) VALUES ('AMU20415','Ferrari','10');
	INSERT INTO "Cars" (plateNum,models,numSeats) VALUES ('KGB23820','Hyundai Motors','3');
	INSERT INTO "Cars" (plateNum,models,numSeats) VALUES ('IGI84532','Toyota','2');
	INSERT INTO "Cars" (plateNum,models,numSeats) VALUES ('VES90996','BMW','2');
	INSERT INTO "Cars" (plateNum,models,numSeats) VALUES ('KUK69497','Ford','7');
	INSERT INTO "Cars" (plateNum,models,numSeats) VALUES ('ZXL19113','Chevrolet','7');
	INSERT INTO "Cars" (plateNum,models,numSeats) VALUES ('OXT56822','Honda','8');
	INSERT INTO "Cars" (plateNum,models,numSeats) VALUES ('JRX71532','Smart','3');
	INSERT INTO "Cars" (plateNum,models,numSeats) VALUES ('FAT40521','Mazda','3');
	INSERT INTO "Cars" (plateNum,models,numSeats) VALUES ('IRO08744','Dodge','2');
	INSERT INTO "Cars" (plateNum,models,numSeats) VALUES ('EFN59595','Seat','1');
	INSERT INTO "Cars" (plateNum,models,numSeats) VALUES ('TDG23727','Volkswagen','10');
	INSERT INTO "Cars" (plateNum,models,numSeats) VALUES ('PFB60743','Fiat','5');
	INSERT INTO "Cars" (plateNum,models,numSeats) VALUES ('OSO09830','Acura','1');
	INSERT INTO "Cars" (plateNum,models,numSeats) VALUES ('OPX74736','Peugeot','2');
	INSERT INTO "Cars" (plateNum,models,numSeats) VALUES ('YCL21530','JLR','8');
	INSERT INTO "Cars" (plateNum,models,numSeats) VALUES ('NYY63107','General Motors','10');
	INSERT INTO "Cars" (plateNum,models,numSeats) VALUES ('KQZ84330','Hyundai Motors','6');
	INSERT INTO "Cars" (plateNum,models,numSeats) VALUES ('YIZ97620','Acura','10');
	INSERT INTO "Cars" (plateNum,models,numSeats) VALUES ('UJK00432','Kenworth','9');
	
2018-03-02 18:02:23.446 +08 [67293] ERROR:  relation "Cars" does not exist at character 90
2018-03-02 18:02:23.446 +08 [67293] STATEMENT:  INSERT INTO Cars (plateNum,models,numSeats) VALUES ('GNI29768','Volvo','4');
	INSERT INTO "Cars" (plateNum,models,numSeats) VALUES ('OPU83878','Dodge','7');
	INSERT INTO "Cars" (plateNum,models,numSeats) VALUES ('PXQ52341','Volkswagen','8');
	INSERT INTO "Cars" (plateNum,models,numSeats) VALUES ('WKA28140','Maruti Suzuki','9');
	INSERT INTO "Cars" (plateNum,models,numSeats) VALUES ('CWO44357','Fiat','6');
	INSERT INTO "Cars" (plateNum,models,numSeats) VALUES ('GKL49173','Mercedes-Benz','5');
	INSERT INTO "Cars" (plateNum,models,numSeats) VALUES ('NRB13877','Cadillac','8');
	INSERT INTO "Cars" (plateNum,models,numSeats) VALUES ('FGT31022','Mahindra and Mahindra','8');
	INSERT INTO "Cars" (plateNum,models,numSeats) VALUES ('PZU75568','Dodge','1');
	INSERT INTO "Cars" (plateNum,models,numSeats) VALUES ('UUO47988','Renault','10');
	INSERT INTO "Cars" (plateNum,models,numSeats) VALUES ('RPT83406','JLR','4');
	INSERT INTO "Cars" (plateNum,models,numSeats) VALUES ('YTM72567','Acura','7');
	INSERT INTO "Cars" (plateNum,models,numSeats) VALUES ('JIF24241','Smart','4');
	INSERT INTO "Cars" (plateNum,models,numSeats) VALUES ('DJD97572','Daimler','2');
	INSERT INTO "Cars" (plateNum,models,numSeats) VALUES ('FOY33874','Kia Motors','6');
	INSERT INTO "Cars" (plateNum,models,numSeats) VALUES ('PPV35586','Seat','7');
	INSERT INTO "Cars" (plateNum,models,numSeats) VALUES ('MYJ62093','BMW','2');
	INSERT INTO "Cars" (plateNum,models,numSeats) VALUES ('LSU99662','GMC','3');
	INSERT INTO "Cars" (plateNum,models,numSeats) VALUES ('CXR34512','Mercedes-Benz','10');
	INSERT INTO "Cars" (plateNum,models,numSeats) VALUES ('HJS20650','Tata Motors','2');
	INSERT INTO "Cars" (plateNum,models,numSeats) VALUES ('ISQ90705','Dodge','2');
	INSERT INTO "Cars" (plateNum,models,numSeats) VALUES ('XJF57435','Hyundai Motors','3');
	INSERT INTO "Cars" (plateNum,models,numSeats) VALUES ('DXO51516','Acura','9');
	INSERT INTO "Cars" (plateNum,models,numSeats) VALUES ('PHT73868','Lincoln','3');
	INSERT INTO "Cars" (plateNum,models,numSeats) VALUES ('JQS80238','Ford','5');
	INSERT INTO "Cars" (plateNum,models,numSeats) VALUES ('GUT53848','Kenworth','7');
	INSERT INTO "Cars" (plateNum,models,numSeats) VALUES ('EJK75766','GMC','5');
	INSERT INTO "Cars" (plateNum,models,numSeats) VALUES ('NFC01425','Subaru','9');
	INSERT INTO "Cars" (plateNum,models,numSeats) VALUES ('PXF97397','Citron','7');
	INSERT INTO "Cars" (plateNum,models,numSeats) VALUES ('VZE47444','Jeep','3');
	INSERT INTO "Cars" (plateNum,models,numSeats) VALUES ('COG47464','Ferrari','5');
	INSERT INTO "Cars" (plateNum,models,numSeats) VALUES ('BZU02189','Kia Motors','2');
	INSERT INTO "Cars" (plateNum,models,numSeats) VALUES ('GEE47645','Kenworth','8');
	INSERT INTO "Cars" (plateNum,models,numSeats) VALUES ('JPT17332','Isuzu','10');
	INSERT INTO "Cars" (plateNum,models,numSeats) VALUES ('NFD30185','Daimler','9');
	INSERT INTO "Cars" (plateNum,models,numSeats) VALUES ('TUD73748','Smart','4');
	INSERT INTO "Cars" (plateNum,models,numSeats) VALUES ('QSK42379','Audi','2');
	INSERT INTO "Cars" (plateNum,models,numSeats) VALUES ('SCP73766','Porsche','7');
	INSERT INTO "Cars" (plateNum,models,numSeats) VALUES ('UEC75073','Kenworth','3');
	INSERT INTO "Cars" (plateNum,models,numSeats) VALUES ('HVX08103','Kia Motors','8');
	INSERT INTO "Cars" (plateNum,models,numSeats) VALUES ('FTL93112','Kenworth','10');
	INSERT INTO "Cars" (plateNum,models,numSeats) VALUES ('MJH55067','Citron','10');
	INSERT INTO "Cars" (plateNum,models,numSeats) VALUES ('MDB09113','Mazda','9');
	INSERT INTO "Cars" (plateNum,models,numSeats) VALUES ('NHR21626','Lexus','2');
	INSERT INTO "Cars" (plateNum,models,numSeats) VALUES ('RFJ50087','Mercedes-Benz','5');
	INSERT INTO "Cars" (plateNum,models,numSeats) VALUES ('ZJY34627','Audi','5');
	INSERT INTO "Cars" (plateNum,models,numSeats) VALUES ('XKD80036','Audi','10');
	INSERT INTO "Cars" (plateNum,models,numSeats) VALUES ('VQV32698','JLR','10');
	INSERT INTO "Cars" (plateNum,models,numSeats) VALUES ('ENF50249','Daihatsu','2');
	INSERT INTO "Cars" (plateNum,models,numSeats) VALUES ('BAP01745','Seat','4');
	INSERT INTO "Cars" (plateNum,models,numSeats) VALUES ('KXD17227','Mazda','9');
	INSERT INTO "Cars" (plateNum,models,numSeats) VALUES ('KEK42031','Isuzu','3');
	INSERT INTO "Cars" (plateNum,models,numSeats) VALUES ('DQJ45235','Daimler','10');
	INSERT INTO "Cars" (plateNum,models,numSeats) VALUES ('VEK12390','Maruti Suzuki','2');
	INSERT INTO "Cars" (plateNum,models,numSeats) VALUES ('BDG94966','Daihatsu','1');
	INSERT INTO "Cars" (plateNum,models,numSeats) VALUES ('DAQ71244','Cadillac','2');
	INSERT INTO "Cars" (plateNum,models,numSeats) VALUES ('NUR53479','Jeep','6');
	INSERT INTO "Cars" (plateNum,models,numSeats) VALUES ('WAI76924','Vauxhall','7');
	INSERT INTO "Cars" (plateNum,models,numSeats) VALUES ('GID76937','Maruti Suzuki','10');
	INSERT INTO "Cars" (plateNum,models,numSeats) VALUES ('UKG22144','Mahindra and Mahindra','2');
	INSERT INTO "Cars" (plateNum,models,numSeats) VALUES ('POA55698','GMC','7');
	INSERT INTO "Cars" (plateNum,models,numSeats) VALUES ('NGW04979','Ferrari','1');
	INSERT INTO "Cars" (plateNum,models,numSeats) VALUES ('XFE71495','Subaru','8');
	INSERT INTO "Cars" (plateNum,models,numSeats) VALUES ('PGT23109','Jeep','8');
	INSERT INTO "Cars" (plateNum,models,numSeats) VALUES ('KIG29631','Seat','4');
	INSERT INTO "Cars" (plateNum,models,numSeats) VALUES ('JFZ12910','Lexus','1');
	INSERT INTO "Cars" (plateNum,models,numSeats) VALUES ('CDC46542','RAM Trucks','1');
	INSERT INTO "Cars" (plateNum,models,numSeats) VALUES ('FYQ13082','Buick','9');
	INSERT INTO "Cars" (plateNum,models,numSeats) VALUES ('GFB67909','Porsche','7');
	INSERT INTO "Cars" (plateNum,models,numSeats) VALUES ('CVP27251','GMC','6');
	INSERT INTO "Cars" (plateNum,models,numSeats) VALUES ('JRO54884','Daimler','10');
	INSERT INTO "Cars" (plateNum,models,numSeats) VALUES ('XNE69664','Dodge','5');
	INSERT INTO "Cars" (plateNum,models,numSeats) VALUES ('LBE13990','Acura','9');
	INSERT INTO "Cars" (plateNum,models,numSeats) VALUES ('HQG20755','Lincoln','1');
	INSERT INTO "Cars" (plateNum,models,numSeats) VALUES ('QYZ96388','Volvo','5');
	INSERT INTO "Cars" (plateNum,models,numSeats) VALUES ('FBK95891','BMW','7');
	INSERT INTO "Cars" (plateNum,models,numSeats) VALUES ('VWO45504','Subaru','6');
	INSERT INTO "Cars" (plateNum,models,numSeats) VALUES ('DLT40651','RAM Trucks','1');
	INSERT INTO "Cars" (plateNum,models,numSeats) VALUES ('UKX17022','Dacia','10');
	INSERT INTO "Cars" (plateNum,models,numSeats) VALUES ('WVO97637','Dongfeng Motor','10');
	INSERT INTO "Cars" (plateNum,models,numSeats) VALUES ('AMU20415','Ferrari','10');
	INSERT INTO "Cars" (plateNum,models,numSeats) VALUES ('KGB23820','Hyundai Motors','3');
	INSERT INTO "Cars" (plateNum,models,numSeats) VALUES ('IGI84532','Toyota','2');
	INSERT INTO "Cars" (plateNum,models,numSeats) VALUES ('VES90996','BMW','2');
	INSERT INTO "Cars" (plateNum,models,numSeats) VALUES ('KUK69497','Ford','7');
	INSERT INTO "Cars" (plateNum,models,numSeats) VALUES ('ZXL19113','Chevrolet','7');
	INSERT INTO "Cars" (plateNum,models,numSeats) VALUES ('OXT56822','Honda','8');
	INSERT INTO "Cars" (plateNum,models,numSeats) VALUES ('JRX71532','Smart','3');
	INSERT INTO "Cars" (plateNum,models,numSeats) VALUES ('FAT40521','Mazda','3');
	INSERT INTO "Cars" (plateNum,models,numSeats) VALUES ('IRO08744','Dodge','2');
	INSERT INTO "Cars" (plateNum,models,numSeats) VALUES ('EFN59595','Seat','1');
	INSERT INTO "Cars" (plateNum,models,numSeats) VALUES ('TDG23727','Volkswagen','10');
	INSERT INTO "Cars" (plateNum,models,numSeats) VALUES ('PFB60743','Fiat','5');
	INSERT INTO "Cars" (plateNum,models,numSeats) VALUES ('OSO09830','Acura','1');
	INSERT INTO "Cars" (plateNum,models,numSeats) VALUES ('OPX74736','Peugeot','2');
	INSERT INTO "Cars" (plateNum,models,numSeats) VALUES ('YCL21530','JLR','8');
	INSERT INTO "Cars" (plateNum,models,numSeats) VALUES ('NYY63107','General Motors','10');
	INSERT INTO "Cars" (plateNum,models,numSeats) VALUES ('KQZ84330','Hyundai Motors','6');
	INSERT INTO "Cars" (plateNum,models,numSeats) VALUES ('YIZ97620','Acura','10');
	INSERT INTO "Cars" (plateNum,models,numSeats) VALUES ('UJK00432','Kenworth','9');
	
2018-03-05 16:38:35.224 +08 [86237] ERROR:  syntax error at or near "value" at character 40
2018-03-05 16:38:35.224 +08 [86237] STATEMENT:  select * from users;
	insert into users value ("Alice", "123", "123", "Lewis", "Carroll");
	
2018-03-05 16:38:40.080 +08 [86237] ERROR:  column "Alice" does not exist at character 48
2018-03-05 16:38:40.080 +08 [86237] STATEMENT:  select * from users;
	insert into users values ("Alice", "123", "123", "Lewis", "Carroll");
	
2018-03-05 16:38:57.168 +08 [86237] ERROR:  column "Alice" does not exist at character 27
2018-03-05 16:38:57.168 +08 [86237] STATEMENT:  insert into users values ("Alice", "123", "123", "Lewis", "Carroll");
	
2018-03-05 16:42:28.459 +08 [86237] ERROR:  null value in column "email" violates not-null constraint
2018-03-05 16:42:28.459 +08 [86237] DETAIL:  Failing row contains (Alice, 123, 123, Lewis, Carroll, null, null).
2018-03-05 16:42:28.459 +08 [86237] STATEMENT:  insert into users values ('Alice', '123', '123', 'Lewis', 'Carroll');
	
2018-03-06 01:33:19.221 +08 [90584] ERROR:  column "password" of relation "users" does not exist at character 36
2018-03-06 01:33:19.221 +08 [90584] STATEMENT:  UPDATE users SET username = 'Bob', password = '123', icnum = '123',  
	                    firstname = 'Bob', lastname = 'Smith', email = 'bob@gmail.com', phonenum = '87654321'
2018-03-06 01:35:33.769 +08 [90606] ERROR:  column "password" of relation "users" does not exist at character 36
2018-03-06 01:35:33.769 +08 [90606] STATEMENT:  UPDATE users SET username = 'Bob', password = '123', icnum = '123',  
	                    firstname = 'Bob', lastname = 'Smith', email = 'bob@gmail.com', phonenum = '87654321'
2018-03-06 01:51:16.213 +08 [90878] ERROR:  column "username" does not exist at character 27
2018-03-06 01:51:16.213 +08 [90878] HINT:  There is a column named "username" in table "users", but it cannot be referenced from this part of the query.
2018-03-06 01:51:16.213 +08 [90878] STATEMENT:  INSERT INTO users VALUES (username = '1', userpassword = '2', icnum = '3',  
	                    firstname = '4', lastname = '5', email = '6', phonenum = '7')
2018-03-06 13:37:13.563 +08 [86237] ERROR:  duplicate key value violates unique constraint "users_pkey"
2018-03-06 13:37:13.563 +08 [86237] DETAIL:  Key (icnum)=(123) already exists.
2018-03-06 13:37:13.563 +08 [86237] STATEMENT:  select * from users;
	insert into users values ('Bob', '123', '123', 'Alice', 'Smith', 'bob@gmail.com', '123')
2018-03-12 12:34:40.923 +08 [39818] ERROR:  syntax error at end of input at character 100
2018-03-12 12:34:40.923 +08 [39818] STATEMENT:  INSERT INTO users VALUES ('Cat', '123', 'somerandomnumber',  
	    'Cat', 'Cat', 'cat@gmail.com', ''
2018-03-12 12:36:14.840 +08 [39852] ERROR:  syntax error at end of input at character 89
2018-03-12 12:36:14.840 +08 [39852] STATEMENT:  INSERT INTO users VALUES ('Cat', '123', '73281',  
	    'Cat', 'Cat', 'cat@gmail.com', ''
2018-03-12 12:36:57.279 +08 [39867] ERROR:  syntax error at end of input at character 89
2018-03-12 12:36:57.279 +08 [39867] STATEMENT:  INSERT INTO users VALUES ('Cat', '123', '73281',  
	    'Cat', 'Cat', 'cat@gmail.com', ''
2018-03-12 12:37:37.850 +08 [39876] ERROR:  syntax error at end of input at character 100
2018-03-12 12:37:37.850 +08 [39876] STATEMENT:  INSERT INTO users VALUES ('Cat', '123', 'somerandomnumber',  
	    'Cat', 'Cat', 'cat@gmail.com', ''
2018-03-12 12:37:52.932 +08 [39881] ERROR:  syntax error at end of input at character 59
2018-03-12 12:37:52.932 +08 [39881] STATEMENT:  INSERT INTO users VALUES ('', '', '',  
	    '', '', '', ''
2018-03-12 12:37:54.183 +08 [39885] ERROR:  syntax error at end of input at character 59
2018-03-12 12:37:54.183 +08 [39885] STATEMENT:  INSERT INTO users VALUES ('', '', '',  
	    '', '', '', ''
2018-03-12 12:37:54.353 +08 [39888] ERROR:  syntax error at end of input at character 59
2018-03-12 12:37:54.353 +08 [39888] STATEMENT:  INSERT INTO users VALUES ('', '', '',  
	    '', '', '', ''
2018-03-12 12:37:54.544 +08 [39891] ERROR:  syntax error at end of input at character 59
2018-03-12 12:37:54.544 +08 [39891] STATEMENT:  INSERT INTO users VALUES ('', '', '',  
	    '', '', '', ''
2018-03-12 12:37:54.730 +08 [39894] ERROR:  syntax error at end of input at character 59
2018-03-12 12:37:54.730 +08 [39894] STATEMENT:  INSERT INTO users VALUES ('', '', '',  
	    '', '', '', ''
2018-03-12 12:37:54.968 +08 [39897] ERROR:  syntax error at end of input at character 59
2018-03-12 12:37:54.968 +08 [39897] STATEMENT:  INSERT INTO users VALUES ('', '', '',  
	    '', '', '', ''
2018-03-12 12:37:55.270 +08 [39900] ERROR:  syntax error at end of input at character 59
2018-03-12 12:37:55.270 +08 [39900] STATEMENT:  INSERT INTO users VALUES ('', '', '',  
	    '', '', '', ''
2018-03-12 12:37:55.452 +08 [39904] ERROR:  syntax error at end of input at character 59
2018-03-12 12:37:55.452 +08 [39904] STATEMENT:  INSERT INTO users VALUES ('', '', '',  
	    '', '', '', ''
2018-03-12 12:37:55.628 +08 [39907] ERROR:  syntax error at end of input at character 59
2018-03-12 12:37:55.628 +08 [39907] STATEMENT:  INSERT INTO users VALUES ('', '', '',  
	    '', '', '', ''
2018-03-12 12:37:55.781 +08 [39910] ERROR:  syntax error at end of input at character 59
2018-03-12 12:37:55.781 +08 [39910] STATEMENT:  INSERT INTO users VALUES ('', '', '',  
	    '', '', '', ''
2018-03-12 12:40:34.535 +08 [39946] ERROR:  syntax error at end of input at character 59
2018-03-12 12:40:34.535 +08 [39946] STATEMENT:  INSERT INTO users VALUES ('', '', '',  
	    '', '', '', ''
2018-03-12 12:40:35.382 +08 [39949] ERROR:  syntax error at end of input at character 59
2018-03-12 12:40:35.382 +08 [39949] STATEMENT:  INSERT INTO users VALUES ('', '', '',  
	    '', '', '', ''
2018-03-12 12:40:35.825 +08 [39952] ERROR:  syntax error at end of input at character 59
2018-03-12 12:40:35.825 +08 [39952] STATEMENT:  INSERT INTO users VALUES ('', '', '',  
	    '', '', '', ''
2018-03-12 12:40:36.028 +08 [39955] ERROR:  syntax error at end of input at character 59
2018-03-12 12:40:36.028 +08 [39955] STATEMENT:  INSERT INTO users VALUES ('', '', '',  
	    '', '', '', ''
2018-03-12 12:40:36.176 +08 [39958] ERROR:  syntax error at end of input at character 59
2018-03-12 12:40:36.176 +08 [39958] STATEMENT:  INSERT INTO users VALUES ('', '', '',  
	    '', '', '', ''
2018-03-12 12:40:36.365 +08 [39961] ERROR:  syntax error at end of input at character 59
2018-03-12 12:40:36.365 +08 [39961] STATEMENT:  INSERT INTO users VALUES ('', '', '',  
	    '', '', '', ''
2018-03-12 12:40:36.532 +08 [39964] ERROR:  syntax error at end of input at character 59
2018-03-12 12:40:36.532 +08 [39964] STATEMENT:  INSERT INTO users VALUES ('', '', '',  
	    '', '', '', ''
2018-03-12 12:40:36.710 +08 [39967] ERROR:  syntax error at end of input at character 59
2018-03-12 12:40:36.710 +08 [39967] STATEMENT:  INSERT INTO users VALUES ('', '', '',  
	    '', '', '', ''
2018-03-12 12:40:36.892 +08 [39970] ERROR:  syntax error at end of input at character 59
2018-03-12 12:40:36.892 +08 [39970] STATEMENT:  INSERT INTO users VALUES ('', '', '',  
	    '', '', '', ''
2018-03-12 12:40:37.083 +08 [39973] ERROR:  syntax error at end of input at character 59
2018-03-12 12:40:37.083 +08 [39973] STATEMENT:  INSERT INTO users VALUES ('', '', '',  
	    '', '', '', ''
2018-03-12 12:40:37.278 +08 [39976] ERROR:  syntax error at end of input at character 59
2018-03-12 12:40:37.278 +08 [39976] STATEMENT:  INSERT INTO users VALUES ('', '', '',  
	    '', '', '', ''
2018-03-12 12:40:37.460 +08 [39979] ERROR:  syntax error at end of input at character 59
2018-03-12 12:40:37.460 +08 [39979] STATEMENT:  INSERT INTO users VALUES ('', '', '',  
	    '', '', '', ''
2018-03-12 12:40:37.659 +08 [39982] ERROR:  syntax error at end of input at character 59
2018-03-12 12:40:37.659 +08 [39982] STATEMENT:  INSERT INTO users VALUES ('', '', '',  
	    '', '', '', ''
2018-03-12 12:40:53.901 +08 [39990] ERROR:  syntax error at end of input at character 59
2018-03-12 12:40:53.901 +08 [39990] STATEMENT:  INSERT INTO users VALUES ('', '', '',  
	    '', '', '', ''
2018-03-12 12:40:54.698 +08 [39993] ERROR:  syntax error at end of input at character 59
2018-03-12 12:40:54.698 +08 [39993] STATEMENT:  INSERT INTO users VALUES ('', '', '',  
	    '', '', '', ''
2018-03-12 12:40:54.874 +08 [39996] ERROR:  syntax error at end of input at character 59
2018-03-12 12:40:54.874 +08 [39996] STATEMENT:  INSERT INTO users VALUES ('', '', '',  
	    '', '', '', ''
2018-03-12 12:40:55.055 +08 [39999] ERROR:  syntax error at end of input at character 59
2018-03-12 12:40:55.055 +08 [39999] STATEMENT:  INSERT INTO users VALUES ('', '', '',  
	    '', '', '', ''
2018-03-12 12:41:56.957 +08 [40011] ERROR:  syntax error at end of input at character 59
2018-03-12 12:41:56.957 +08 [40011] STATEMENT:  INSERT INTO users VALUES ('', '', '',  
	    '', '', '', ''
2018-03-12 12:42:05.954 +08 [40013] ERROR:  syntax error at end of input at character 59
2018-03-12 12:42:05.954 +08 [40013] STATEMENT:  INSERT INTO users VALUES ('', '', '',  
	    '', '', '', ''
2018-03-12 12:42:14.278 +08 [40016] ERROR:  syntax error at end of input at character 59
2018-03-12 12:42:14.278 +08 [40016] STATEMENT:  INSERT INTO users VALUES ('', '', '',  
	    '', '', '', ''
2018-03-14 09:20:47.055 +08 [7453] LOG:  received smart shutdown request
2018-03-14 09:20:47.057 +08 [7453] LOG:  worker process: logical replication launcher (PID 7460) exited with exit code 1
2018-03-14 09:20:47.057 +08 [7455] LOG:  shutting down
2018-03-14 09:20:47.072 +08 [7453] LOG:  database system is shut down
2018-03-17 22:18:44.488 +08 [15650] LOG:  listening on IPv4 address "127.0.0.1", port 5431
2018-03-17 22:18:44.489 +08 [15650] LOG:  listening on Unix socket "/Applications/mappstack-7.1.13-0/postgresql/.s.PGSQL.5431"
2018-03-17 22:18:44.527 +08 [15651] LOG:  database system was shut down at 2018-03-14 09:20:47 +08
2018-03-17 22:18:44.536 +08 [15650] LOG:  database system is ready to accept connections
2018-03-17 22:36:37.251 +08 [15992] ERROR:  syntax error at end of input at character 59
2018-03-17 22:36:37.251 +08 [15992] STATEMENT:  INSERT INTO users VALUES ('', '', '',  
	    '', '', '', ''
2018-03-17 22:36:38.149 +08 [15995] ERROR:  syntax error at end of input at character 59
2018-03-17 22:36:38.149 +08 [15995] STATEMENT:  INSERT INTO users VALUES ('', '', '',  
	    '', '', '', ''
2018-03-17 22:36:38.336 +08 [15998] ERROR:  syntax error at end of input at character 59
2018-03-17 22:36:38.336 +08 [15998] STATEMENT:  INSERT INTO users VALUES ('', '', '',  
	    '', '', '', ''
2018-03-17 22:36:38.510 +08 [16001] ERROR:  syntax error at end of input at character 59
2018-03-17 22:36:38.510 +08 [16001] STATEMENT:  INSERT INTO users VALUES ('', '', '',  
	    '', '', '', ''
2018-03-17 22:36:38.699 +08 [16004] ERROR:  syntax error at end of input at character 59
2018-03-17 22:36:38.699 +08 [16004] STATEMENT:  INSERT INTO users VALUES ('', '', '',  
	    '', '', '', ''
2018-03-17 22:36:38.881 +08 [16007] ERROR:  syntax error at end of input at character 59
2018-03-17 22:36:38.881 +08 [16007] STATEMENT:  INSERT INTO users VALUES ('', '', '',  
	    '', '', '', ''
2018-03-17 22:36:39.666 +08 [16010] ERROR:  syntax error at end of input at character 59
2018-03-17 22:36:39.666 +08 [16010] STATEMENT:  INSERT INTO users VALUES ('', '', '',  
	    '', '', '', ''
2018-03-17 22:36:39.815 +08 [16013] ERROR:  syntax error at end of input at character 59
2018-03-17 22:36:39.815 +08 [16013] STATEMENT:  INSERT INTO users VALUES ('', '', '',  
	    '', '', '', ''
2018-03-17 22:36:39.979 +08 [16016] ERROR:  syntax error at end of input at character 59
2018-03-17 22:36:39.979 +08 [16016] STATEMENT:  INSERT INTO users VALUES ('', '', '',  
	    '', '', '', ''
2018-03-17 22:36:40.163 +08 [16019] ERROR:  syntax error at end of input at character 59
2018-03-17 22:36:40.163 +08 [16019] STATEMENT:  INSERT INTO users VALUES ('', '', '',  
	    '', '', '', ''
2018-03-17 22:36:40.339 +08 [16022] ERROR:  syntax error at end of input at character 59
2018-03-17 22:36:40.339 +08 [16022] STATEMENT:  INSERT INTO users VALUES ('', '', '',  
	    '', '', '', ''
2018-03-17 22:36:40.491 +08 [16025] ERROR:  syntax error at end of input at character 59
2018-03-17 22:36:40.491 +08 [16025] STATEMENT:  INSERT INTO users VALUES ('', '', '',  
	    '', '', '', ''
2018-03-17 22:36:40.663 +08 [16028] ERROR:  syntax error at end of input at character 59
2018-03-17 22:36:40.663 +08 [16028] STATEMENT:  INSERT INTO users VALUES ('', '', '',  
	    '', '', '', ''
2018-03-17 22:38:18.627 +08 [16050] ERROR:  syntax error at end of input at character 59
2018-03-17 22:38:18.627 +08 [16050] STATEMENT:  INSERT INTO users VALUES ('', '', '',  
	    '', '', '', ''
2018-03-17 22:40:55.336 +08 [16106] ERROR:  syntax error at end of input at character 59
2018-03-17 22:40:55.336 +08 [16106] STATEMENT:  INSERT INTO users VALUES ('', '', '',  
	    '', '', '', ''
2018-03-17 22:41:03.241 +08 [16114] ERROR:  syntax error at end of input at character 59
2018-03-17 22:41:03.241 +08 [16114] STATEMENT:  INSERT INTO users VALUES ('', '', '',  
	    '', '', '', ''
2018-03-17 22:41:08.037 +08 [16122] ERROR:  syntax error at end of input at character 59
2018-03-17 22:41:08.037 +08 [16122] STATEMENT:  INSERT INTO users VALUES ('', '', '',  
	    '', '', '', ''
2018-03-17 22:41:09.693 +08 [16123] ERROR:  syntax error at end of input at character 59
2018-03-17 22:41:09.693 +08 [16123] STATEMENT:  INSERT INTO users VALUES ('', '', '',  
	    '', '', '', ''
2018-03-17 22:41:12.644 +08 [16126] ERROR:  syntax error at end of input at character 59
2018-03-17 22:41:12.644 +08 [16126] STATEMENT:  INSERT INTO users VALUES ('', '', '',  
	    '', '', '', ''
2018-03-17 22:41:16.471 +08 [16128] ERROR:  syntax error at end of input at character 59
2018-03-17 22:41:16.471 +08 [16128] STATEMENT:  INSERT INTO users VALUES ('', '', '',  
	    '', '', '', ''
2018-03-17 22:42:11.083 +08 [16140] ERROR:  syntax error at end of input at character 59
2018-03-17 22:42:11.083 +08 [16140] STATEMENT:  INSERT INTO users VALUES ('', '', '',  
	    '', '', '', ''
2018-03-17 22:47:27.515 +08 [16215] ERROR:  syntax error at end of input at character 99
2018-03-17 22:47:27.515 +08 [16215] STATEMENT:  INSERT INTO users VALUES ('JY', '123', '123',  
	    'Jiayao', 'Li', 'jiayao@gmail.com', '32423143'
2018-03-17 22:51:09.524 +08 [16266] ERROR:  syntax error at or near "'JY'" at character 26
2018-03-17 22:51:09.524 +08 [16266] STATEMENT:  INSERT INTO users VALUES 'JY', '123', '123',  
	    'Jiayao', 'Li', 'jiayao@gmail.com', '123341324'
2018-03-17 22:53:41.744 +08 [16301] ERROR:  syntax error at or near "username" at character 26
2018-03-17 22:53:41.744 +08 [16301] STATEMENT:  INSERT INTO users VALUES username = 'JY', userpassword = '123', icnum = '123',  
	    firstname = 'Jiayao', lastname = 'Li', email = 'jiayao@gmail.com', phonenum = '3647324'
2018-03-17 22:55:17.428 +08 [16314] ERROR:  syntax error at or near "username" at character 26
2018-03-17 22:55:17.428 +08 [16314] STATEMENT:  INSERT INTO users VALUES username = 'JY', userpassword = '123', icnum = '789',  
	    firstname = 'Jiayao', lastname = 'Li', email = 'jiayao@gmail.com', phonenum = '3123324'
2018-03-17 22:55:20.620 +08 [16316] ERROR:  syntax error at or near "username" at character 26
2018-03-17 22:55:20.620 +08 [16316] STATEMENT:  INSERT INTO users VALUES username = '', userpassword = '', icnum = '',  
	    firstname = '', lastname = '', email = '', phonenum = ''
2018-03-17 22:57:08.629 +08 [16346] ERROR:  column "username" does not exist at character 27
2018-03-17 22:57:08.629 +08 [16346] HINT:  There is a column named "username" in table "users", but it cannot be referenced from this part of the query.
2018-03-17 22:57:08.629 +08 [16346] STATEMENT:  INSERT INTO users VALUES (username = 'JY', userpassword = '123', icnum = '345',  
	    firstname = 'Jiayao', lastname = 'Li', email = 'jiayao@gmail.com', phonenum = '234311')
2018-03-17 22:59:10.302 +08 [16366] ERROR:  column "username" does not exist at character 27
2018-03-17 22:59:10.302 +08 [16366] HINT:  There is a column named "username" in table "users", but it cannot be referenced from this part of the query.
2018-03-17 22:59:10.302 +08 [16366] STATEMENT:  INSERT INTO users VALUES (username = 'JY', userpassword = '123', icnum = '345',  
	    firstname = 'Jiayao', lastname = 'Li', email = 'jiayao@gmail.com', phonenum = '3453453')
2018-03-17 23:16:48.389 +08 [16548] ERROR:  syntax error at or near "/" at character 169
2018-03-17 23:16:48.389 +08 [16548] STATEMENT:  INSERT INTO users (username, userpassword, icnum, firstname, lastname, email, phonenum) VALUES ('Charlie', '123', '456',  
	    'Charlie', 'Smith', 'charlie@gmail.com', /'5763435')
2018-03-17 23:40:29.498 +08 [15753] ERROR:  syntax error at or near "lastname" at character 54
2018-03-17 23:40:29.498 +08 [15753] STATEMENT:  ALTER TABLE adminisrators
	ADD firstname varchar(64), lastname varchar(64), email varchar(64), phonenum integer;
2018-03-17 23:41:57.700 +08 [15753] ERROR:  relation "adminisrators" does not exist
2018-03-17 23:41:57.700 +08 [15753] STATEMENT:  ALTER TABLE adminisrators
	ADD firstname varchar(64);
2018-03-17 23:42:14.148 +08 [15753] ERROR:  syntax error at or near "email" at character 54
2018-03-17 23:42:14.148 +08 [15753] STATEMENT:  ALTER TABLE administrators
	ADD lastname varchar(64), email varchar(64), phonenum integer;
2018-03-17 23:52:14.272 +08 [17001] ERROR:  duplicate key value violates unique constraint "users_pkey"
2018-03-17 23:52:14.272 +08 [17001] DETAIL:  Key (icnum)=(123) already exists.
2018-03-17 23:52:14.272 +08 [17001] STATEMENT:  INSERT INTO users (username, userpassword, icnum, firstname, lastname, email, phonenum) VALUES ('David', '123', '123',  
	    'David', 'Smith', 'david@gmail.com', '64528')
2018-03-17 23:54:19.741 +08 [17048] ERROR:  duplicate key value violates unique constraint "users_pkey"
2018-03-17 23:54:19.741 +08 [17048] DETAIL:  Key (icnum)=(123) already exists.
2018-03-17 23:54:19.741 +08 [17048] STATEMENT:  INSERT INTO users (username, userpassword, icnum, firstname, lastname, email, phonenum) VALUES ('David', '123', '123',  
	    'David', 'Smith', 'david@gmail.com', '6458232')
2018-03-17 23:57:19.217 +08 [17073] ERROR:  duplicate key value violates unique constraint "users_pkey"
2018-03-17 23:57:19.217 +08 [17073] DETAIL:  Key (icnum)=(123) already exists.
2018-03-17 23:57:19.217 +08 [17073] STATEMENT:  INSERT INTO users (username, userpassword, icnum, firstname, lastname, email, phonenum) VALUES ('David', '123', '123',  
	    'David', 'Smith', 'david@gmail.com', '634853')
2018-03-17 23:57:56.684 +08 [17087] ERROR:  duplicate key value violates unique constraint "users_pkey"
2018-03-17 23:57:56.684 +08 [17087] DETAIL:  Key (icnum)=(123) already exists.
2018-03-17 23:57:56.684 +08 [17087] STATEMENT:  INSERT INTO users (username, userpassword, icnum, firstname, lastname, email, phonenum) VALUES ('David', '123', '123',  
	    'David', 'Smith', 'david@gmail.com', '5463425')
2018-03-18 16:30:25.386 +08 [18151] ERROR:  syntax error at end of input at character 75
2018-03-18 16:30:25.386 +08 [18151] STATEMENT:  INSERT INTO users VALUES ('', '', '',  
	                    '', '', '', ''
2018-03-18 16:59:00.137 +08 [18063] ERROR:  syntax error at or near "AUTO_INCREMENT" at character 28
2018-03-18 16:59:00.137 +08 [18063] STATEMENT:  ALTER TABLE advertisements AUTO_INCREMENT=0;
	
2018-03-18 16:59:15.978 +08 [18063] ERROR:  syntax error at or near "adid" at character 28
2018-03-18 16:59:15.978 +08 [18063] STATEMENT:  ALTER TABLE advertisements adid AUTO_INCREMENT=0;
	
2018-03-18 17:01:37.226 +08 [18063] ERROR:  syntax error at or near "AUTO_INCREMENT" at character 28
2018-03-18 17:01:37.226 +08 [18063] STATEMENT:  ALTER TABLE advertisements AUTO_INCREMENT=1001;
	
2018-03-18 17:02:47.610 +08 [18063] ERROR:  syntax error at or near "`" at character 13
2018-03-18 17:02:47.610 +08 [18063] STATEMENT:  ALTER TABLE `advertisements` AUTO_INCREMENT=1001;
	
2018-03-18 17:03:13.113 +08 [18063] ERROR:  syntax error at or near "AUTO_INCREMENT" at character 28
2018-03-18 17:03:13.113 +08 [18063] STATEMENT:  ALTER TABLE advertisements AUTO_INCREMENT=1000;
	
2018-03-18 17:03:23.296 +08 [18063] ERROR:  syntax error at or near "AUTO_INCREMENT" at character 28
2018-03-18 17:03:23.296 +08 [18063] STATEMENT:  ALTER TABLE advertisements AUTO_INCREMENT = 1000;
	
2018-03-18 17:03:54.972 +08 [18063] ERROR:  syntax error at or near "AUTO_INCREMENT" at character 28
2018-03-18 17:03:54.972 +08 [18063] STATEMENT:  ALTER TABLE advertisements AUTO_INCREMENT = 1000;
	
2018-03-18 17:06:32.733 +08 [18063] ERROR:  invalid input syntax for integer: "adid_seq"
2018-03-18 17:06:32.733 +08 [18063] STATEMENT:  CREATE SEQUENCE adid_seq;
	ALTER TABLE advertisements ALTER adid SET DEFAULT('adid_seq');
	
2018-03-18 17:09:14.770 +08 [18063] ERROR:  relation "advertosements" does not exist at character 15
2018-03-18 17:09:14.770 +08 [18063] STATEMENT:  select * from advertosements;
	
2018-03-18 17:13:29.957 +08 [18661] ERROR:  invalid input syntax for integer: "" at character 63
2018-03-18 17:13:29.957 +08 [18661] STATEMENT:  INSERT INTO cars (platenum, models, numseats) VALUES ('', '', '')
2018-03-18 17:13:29.959 +08 [18661] ERROR:  date/time field value out of range: "18/03/2018" at character 89
2018-03-18 17:13:29.959 +08 [18661] HINT:  Perhaps you need a different "datestyle" setting.
2018-03-18 17:13:29.959 +08 [18661] STATEMENT:  INSERT INTO advertisements (origin, destination, doa) VALUES ('Tampines', 'Kent ridge', '18/03/2018')
2018-03-18 17:15:56.241 +08 [18701] ERROR:  date/time field value out of range: "18/03/2018" at character 104
2018-03-18 17:15:56.241 +08 [18701] HINT:  Perhaps you need a different "datestyle" setting.
2018-03-18 17:15:56.241 +08 [18701] STATEMENT:  INSERT INTO advertisements (adid, origin, destination, doa) VALUES (DEFAULT, 'Tampines', 'Kent ridge', '18/03/2018')
2018-03-18 17:16:22.975 +08 [18707] ERROR:  date/time field value out of range: "18/03/2018" at character 104
2018-03-18 17:16:22.975 +08 [18707] HINT:  Perhaps you need a different "datestyle" setting.
2018-03-18 17:16:22.975 +08 [18707] STATEMENT:  INSERT INTO advertisements (adid, origin, destination, doa) VALUES (DEFAULT, 'Tampines', 'Kent ridge', '18/03/2018')
2018-03-18 17:16:32.203 +08 [18713] ERROR:  invalid input syntax for type timestamp: "" at character 104
2018-03-18 17:16:32.203 +08 [18713] STATEMENT:  INSERT INTO advertisements (adid, origin, destination, doa) VALUES (DEFAULT, 'Tampines', 'Kent ridge', '')
2018-03-18 17:16:42.966 +08 [18716] ERROR:  date/time field value out of range: "18/03/2018" at character 104
2018-03-18 17:16:42.966 +08 [18716] HINT:  Perhaps you need a different "datestyle" setting.
2018-03-18 17:16:42.966 +08 [18716] STATEMENT:  INSERT INTO advertisements (adid, origin, destination, doa) VALUES (DEFAULT, 'Tampines', 'Kent ridge', '18/03/2018')
2018-03-18 19:29:49.125 +08 [19564] ERROR:  syntax error at or near "Kent" at character 75
2018-03-18 19:29:49.125 +08 [19564] STATEMENT:  INSERT INTO advertisements (origin, destination, doa) VALUES (Tampines', 'Kent ridge', '2018-03-18')
2018-03-18 19:34:12.341 +08 [19613] ERROR:  syntax error at or near "Kent" at character 75
2018-03-18 19:34:12.341 +08 [19613] STATEMENT:  INSERT INTO advertisements (origin, destination, doa) VALUES (Tampines', 'Kent ridge', 'date('Y-m-d G:i:s')')
2018-03-18 19:34:52.445 +08 [19635] ERROR:  syntax error at or near "Kent" at character 75
2018-03-18 19:34:52.445 +08 [19635] STATEMENT:  INSERT INTO advertisements (origin, destination, doa) VALUES (Tampines', 'Kent ridge', 'date('Y-m-d G:i:s')')
2018-03-18 19:36:37.224 +08 [18063] ERROR:  syntax error at or near "14" at character 99
2018-03-18 19:36:37.224 +08 [18063] STATEMENT:  insert into advertisements (origin, destination, doa) values('Tampines', 'Kent ridge', 2011-08-06 14:54:17);
2018-03-18 19:36:47.169 +08 [18063] ERROR:  column "doa" is of type timestamp without time zone but expression is of type integer at character 88
2018-03-18 19:36:47.169 +08 [18063] HINT:  You will need to rewrite or cast the expression.
2018-03-18 19:36:47.169 +08 [18063] STATEMENT:  insert into advertisements (origin, destination, doa) values('Tampines', 'Kent ridge', 2011-08-06);
2018-03-18 19:38:52.283 +08 [19685] ERROR:  invalid input syntax for type timestamp: "" at character 89
2018-03-18 19:38:52.283 +08 [19685] STATEMENT:  INSERT INTO advertisements (origin, destination, doa) VALUES ('Kent ridge', 'Tampines', '')
2018-03-18 19:40:36.127 +08 [19715] ERROR:  invalid input syntax for type timestamp: "" at character 89
2018-03-18 19:40:36.127 +08 [19715] STATEMENT:  INSERT INTO advertisements (origin, destination, doa) VALUES ('Kent ridge', 'Tampines', '')
2018-03-18 19:41:01.509 +08 [19727] ERROR:  invalid input syntax for type timestamp: "" at character 89
2018-03-18 19:41:01.509 +08 [19727] STATEMENT:  INSERT INTO advertisements (origin, destination, doa) VALUES ('Kent ridge', 'Tampines', '')
2018-03-18 19:42:05.596 +08 [19755] ERROR:  syntax error at or near ")" at character 89
2018-03-18 19:42:05.596 +08 [19755] STATEMENT:  INSERT INTO advertisements (origin, destination, doa) VALUES ('Kent ridge', 'Tampines', )
2018-03-18 19:44:45.325 +08 [19799] ERROR:  syntax error at or near ")" at character 89
2018-03-18 19:44:45.325 +08 [19799] STATEMENT:  INSERT INTO advertisements (origin, destination, doa) VALUES ('Kent ridge', 'Tampines', )
2018-03-18 19:45:40.218 +08 [19823] ERROR:  column "doa" is of type timestamp without time zone but expression is of type integer at character 89
2018-03-18 19:45:40.218 +08 [19823] HINT:  You will need to rewrite or cast the expression.
2018-03-18 19:45:40.218 +08 [19823] STATEMENT:  INSERT INTO advertisements (origin, destination, doa) VALUES ('Kent ridge', 'Tampines', 2018-03-18)
2018-03-18 19:46:18.682 +08 [19844] ERROR:  column "doa" is of type timestamp without time zone but expression is of type integer at character 89
2018-03-18 19:46:18.682 +08 [19844] HINT:  You will need to rewrite or cast the expression.
2018-03-18 19:46:18.682 +08 [19844] STATEMENT:  INSERT INTO advertisements (origin, destination, doa) VALUES ('Kent ridge', 'Tampines', 2018-03-18)
2018-03-18 20:02:49.021 +08 [20108] ERROR:  syntax error at or near "adid" at character 30
2018-03-18 20:02:49.021 +08 [20108] STATEMENT:  INSERT INTO advertise (icnum adid) VALUES ('345','')
2018-03-18 20:03:26.597 +08 [20121] ERROR:  syntax error at or near "adid" at character 30
2018-03-18 20:03:26.597 +08 [20121] STATEMENT:  INSERT INTO advertise (icnum adid) VALUES ('345','4')
2018-03-18 20:03:59.201 +08 [20142] ERROR:  syntax error at or near "adid" at character 30
2018-03-18 20:03:59.201 +08 [20142] STATEMENT:  INSERT INTO advertise (icnum adid) VALUES ('345','5')
2018-03-18 20:05:48.798 +08 [20177] ERROR:  duplicate key value violates unique constraint "advertise_pkey"
2018-03-18 20:05:48.798 +08 [20177] DETAIL:  Key (icnum)=(345) already exists.
2018-03-18 20:05:48.798 +08 [20177] STATEMENT:  INSERT INTO advertise (icnum, adid) VALUES ('345','7')
2018-03-18 20:06:27.691 +08 [20190] ERROR:  duplicate key value violates unique constraint "advertise_pkey"
2018-03-18 20:06:27.691 +08 [20190] DETAIL:  Key (icnum)=(345) already exists.
2018-03-18 20:06:27.691 +08 [20190] STATEMENT:  INSERT INTO advertise (icnum, adid) VALUES ('345','8')
2018-03-18 20:06:51.431 +08 [20203] ERROR:  duplicate key value violates unique constraint "advertise_pkey"
2018-03-18 20:06:51.431 +08 [20203] DETAIL:  Key (icnum)=(345) already exists.
2018-03-18 20:06:51.431 +08 [20203] STATEMENT:  INSERT INTO advertise (icnum, adid) VALUES ('345','9')
2018-03-18 20:07:15.734 +08 [20210] ERROR:  duplicate key value violates unique constraint "advertise_pkey"
2018-03-18 20:07:15.734 +08 [20210] DETAIL:  Key (icnum)=(345) already exists.
2018-03-18 20:07:15.734 +08 [20210] STATEMENT:  INSERT INTO advertise (icnum, adid) VALUES ('345','10')
2018-03-18 20:09:28.333 +08 [20249] ERROR:  duplicate key value violates unique constraint "advertise_pkey"
2018-03-18 20:09:28.333 +08 [20249] DETAIL:  Key (icnum)=(345) already exists.
2018-03-18 20:09:28.333 +08 [20249] STATEMENT:  INSERT INTO advertise (icnum, adid) VALUES ('345','11')
2018-03-18 20:12:47.710 +08 [18063] ERROR:  syntax error at or near "primary" at character 28
2018-03-18 20:12:47.710 +08 [18063] STATEMENT:  alter table advertise drop primary key, add primary key(icnum, adid);
	
2018-03-18 21:04:58.647 +08 [21051] ERROR:  invalid input syntax for integer: "" at character 32
2018-03-18 21:04:58.647 +08 [21051] STATEMENT:  SELECT * FROM bid WHERE adid = '' AND icnum = ''
2018-03-18 21:07:19.354 +08 [21105] ERROR:  invalid input syntax for integer: "" at character 32
2018-03-18 21:07:19.354 +08 [21105] STATEMENT:  SELECT * FROM bid WHERE adid = '' AND icnum = ''
2018-03-18 21:07:19.355 +08 [21105] ERROR:  invalid input syntax for integer: "" at character 50
2018-03-18 21:07:19.355 +08 [21105] STATEMENT:  INSERT INTO bid (adid, icnum, bidpoints) VALUES ('','', 1)
2018-03-18 21:08:41.480 +08 [21127] ERROR:  insert or update on table "bid" violates foreign key constraint "bid_icnum_fkey"
2018-03-18 21:08:41.480 +08 [21127] DETAIL:  Key (icnum)=() is not present in table "users".
2018-03-18 21:08:41.480 +08 [21127] STATEMENT:  INSERT INTO bid (adid, icnum, bidpoints) VALUES ('123','', 1)
2018-03-18 21:09:18.945 +08 [21147] ERROR:  insert or update on table "bid" violates foreign key constraint "bid_icnum_fkey"
2018-03-18 21:09:18.945 +08 [21147] DETAIL:  Key (icnum)=() is not present in table "users".
2018-03-18 21:09:18.945 +08 [21147] STATEMENT:  INSERT INTO bid (adid, icnum, bidpoints) VALUES ('123','', 1)
2018-03-18 21:13:05.613 +08 [21213] ERROR:  duplicate key value violates unique constraint "bid_pkey"
2018-03-18 21:13:05.613 +08 [21213] DETAIL:  Key (icnum)=(123) already exists.
2018-03-18 21:13:05.613 +08 [21213] STATEMENT:  INSERT INTO bid (adid, icnum, bidpoints) VALUES (12,'123', 1)
2018-03-18 21:13:49.697 +08 [21228] ERROR:  duplicate key value violates unique constraint "bid_pkey"
2018-03-18 21:13:49.697 +08 [21228] DETAIL:  Key (icnum)=(123) already exists.
2018-03-18 21:13:49.697 +08 [21228] STATEMENT:  INSERT INTO bid (adid, icnum, bidpoints) VALUES (12,'123', 1)
2018-03-18 21:14:27.930 +08 [21248] ERROR:  duplicate key value violates unique constraint "bid_pkey"
2018-03-18 21:14:27.930 +08 [21248] DETAIL:  Key (icnum)=(123) already exists.
2018-03-18 21:14:27.930 +08 [21248] STATEMENT:  INSERT INTO bid (adid, icnum, bidpoints) VALUES (12,'123', 1)
